[2025-11-14 12:44:02Z INFO HostContext] No proxy settings were found based on environmental variables (http_proxy/https_proxy/HTTP_PROXY/HTTPS_PROXY)
[2025-11-14 12:44:02Z INFO HostContext] Well known directory 'Bin': 'C:\Projects\unity-build-pipeline\actions-runner\bin'
[2025-11-14 12:44:02Z INFO HostContext] Well known directory 'Root': 'C:\Projects\unity-build-pipeline\actions-runner'
[2025-11-14 12:44:02Z INFO HostContext] Well known config file 'Credentials': 'C:\Projects\unity-build-pipeline\actions-runner\.credentials'
[2025-11-14 12:44:02Z INFO HostContext] Well known directory 'Bin': 'C:\Projects\unity-build-pipeline\actions-runner\bin'
[2025-11-14 12:44:02Z INFO HostContext] Well known directory 'Root': 'C:\Projects\unity-build-pipeline\actions-runner'
[2025-11-14 12:44:02Z INFO HostContext] Well known config file 'Runner': 'C:\Projects\unity-build-pipeline\actions-runner\.runner'
[2025-11-14 12:44:02Z INFO Listener] Runner is built for Windows (X64) - win-x64.
[2025-11-14 12:44:02Z INFO Listener] RuntimeInformation: Microsoft Windows 10.0.26100.
[2025-11-14 12:44:02Z INFO Listener] Version: 2.329.0
[2025-11-14 12:44:02Z INFO Listener] Commit: c76c59996c8fa32e989164a5a695efb12608ae5a
[2025-11-14 12:44:02Z INFO Listener] Culture: en-PK
[2025-11-14 12:44:02Z INFO Listener] UI Culture: en-US
[2025-11-14 12:44:02Z INFO HostContext] Well known directory 'Bin': 'C:\Projects\unity-build-pipeline\actions-runner\bin'
[2025-11-14 12:44:02Z INFO HostContext] Well known directory 'Root': 'C:\Projects\unity-build-pipeline\actions-runner'
[2025-11-14 12:44:02Z INFO Listener] Validating directory permissions for: 'C:\Projects\unity-build-pipeline\actions-runner'
[2025-11-14 12:44:02Z INFO CommandLineParser] Parse
[2025-11-14 12:44:02Z INFO CommandLineParser] Parsing 1 args
[2025-11-14 12:44:02Z INFO CommandLineParser] parsing argument
[2025-11-14 12:44:02Z INFO CommandLineParser] HasArgs: False
[2025-11-14 12:44:02Z INFO CommandLineParser] Adding Command: run
[2025-11-14 12:44:02Z INFO Listener] Arguments parsed
[2025-11-14 12:44:02Z INFO Runner] ExecuteCommand
[2025-11-14 12:44:02Z INFO ConfigurationStore] currentAssemblyLocation: C:\Projects\unity-build-pipeline\actions-runner\bin\Runner.Listener.dll
[2025-11-14 12:44:02Z INFO HostContext] Well known directory 'Bin': 'C:\Projects\unity-build-pipeline\actions-runner\bin'
[2025-11-14 12:44:02Z INFO ConfigurationStore] binPath: C:\Projects\unity-build-pipeline\actions-runner\bin
[2025-11-14 12:44:02Z INFO HostContext] Well known directory 'Bin': 'C:\Projects\unity-build-pipeline\actions-runner\bin'
[2025-11-14 12:44:02Z INFO HostContext] Well known directory 'Root': 'C:\Projects\unity-build-pipeline\actions-runner'
[2025-11-14 12:44:02Z INFO ConfigurationStore] RootFolder: C:\Projects\unity-build-pipeline\actions-runner
[2025-11-14 12:44:02Z INFO HostContext] Well known directory 'Bin': 'C:\Projects\unity-build-pipeline\actions-runner\bin'
[2025-11-14 12:44:02Z INFO HostContext] Well known directory 'Root': 'C:\Projects\unity-build-pipeline\actions-runner'
[2025-11-14 12:44:02Z INFO HostContext] Well known config file 'Runner': 'C:\Projects\unity-build-pipeline\actions-runner\.runner'
[2025-11-14 12:44:02Z INFO ConfigurationStore] ConfigFilePath: C:\Projects\unity-build-pipeline\actions-runner\.runner
[2025-11-14 12:44:02Z INFO HostContext] Well known directory 'Bin': 'C:\Projects\unity-build-pipeline\actions-runner\bin'
[2025-11-14 12:44:02Z INFO HostContext] Well known directory 'Root': 'C:\Projects\unity-build-pipeline\actions-runner'
[2025-11-14 12:44:02Z INFO HostContext] Well known config file 'MigratedRunner': 'C:\Projects\unity-build-pipeline\actions-runner\.runner_migrated'
[2025-11-14 12:44:02Z INFO ConfigurationStore] MigratedConfigFilePath: C:\Projects\unity-build-pipeline\actions-runner\.runner_migrated
[2025-11-14 12:44:02Z INFO HostContext] Well known directory 'Bin': 'C:\Projects\unity-build-pipeline\actions-runner\bin'
[2025-11-14 12:44:02Z INFO HostContext] Well known directory 'Root': 'C:\Projects\unity-build-pipeline\actions-runner'
[2025-11-14 12:44:02Z INFO HostContext] Well known config file 'Credentials': 'C:\Projects\unity-build-pipeline\actions-runner\.credentials'
[2025-11-14 12:44:02Z INFO ConfigurationStore] CredFilePath: C:\Projects\unity-build-pipeline\actions-runner\.credentials
[2025-11-14 12:44:02Z INFO HostContext] Well known directory 'Bin': 'C:\Projects\unity-build-pipeline\actions-runner\bin'
[2025-11-14 12:44:02Z INFO HostContext] Well known directory 'Root': 'C:\Projects\unity-build-pipeline\actions-runner'
[2025-11-14 12:44:02Z INFO HostContext] Well known config file 'MigratedCredentials': 'C:\Projects\unity-build-pipeline\actions-runner\.credentials_migrated'
[2025-11-14 12:44:02Z INFO ConfigurationStore] MigratedCredFilePath: C:\Projects\unity-build-pipeline\actions-runner\.credentials_migrated
[2025-11-14 12:44:02Z INFO HostContext] Well known directory 'Bin': 'C:\Projects\unity-build-pipeline\actions-runner\bin'
[2025-11-14 12:44:02Z INFO HostContext] Well known directory 'Root': 'C:\Projects\unity-build-pipeline\actions-runner'
[2025-11-14 12:44:02Z INFO HostContext] Well known config file 'Service': 'C:\Projects\unity-build-pipeline\actions-runner\.service'
[2025-11-14 12:44:02Z INFO ConfigurationStore] ServiceConfigFilePath: C:\Projects\unity-build-pipeline\actions-runner\.service
[2025-11-14 12:44:02Z INFO CommandSettings] Flag 'help': 'False'
[2025-11-14 12:44:02Z INFO CommandSettings] Flag 'version': 'False'
[2025-11-14 12:44:02Z INFO CommandSettings] Flag 'commit': 'False'
[2025-11-14 12:44:02Z INFO CommandSettings] Flag 'check': 'False'
[2025-11-14 12:44:02Z INFO CommandSettings] Command 'configure': 'False'
[2025-11-14 12:44:02Z INFO CommandSettings] Command 'remove': 'False'
[2025-11-14 12:44:02Z INFO CommandSettings] Command 'warmup': 'False'
[2025-11-14 12:44:02Z INFO ConfigurationManager] LoadSettings
[2025-11-14 12:44:02Z INFO ConfigurationStore] IsConfigured()
[2025-11-14 12:44:02Z INFO ConfigurationStore] IsConfigured: True
[2025-11-14 12:44:02Z INFO ConfigurationManager] Is configured: True
[2025-11-14 12:44:02Z INFO ConfigurationStore] Read setting file: 400 chars
[2025-11-14 12:44:02Z INFO ConfigurationManager] Settings Loaded
[2025-11-14 12:44:02Z INFO ConfigurationStore] IsServiceConfigured()
[2025-11-14 12:44:02Z INFO ConfigurationStore] IsServiceConfigured: False
[2025-11-14 12:44:02Z INFO CommandSettings] Command 'run': 'True'
[2025-11-14 12:44:02Z INFO ConfigurationStore] IsConfigured()
[2025-11-14 12:44:02Z INFO ConfigurationStore] IsConfigured: True
[2025-11-14 12:44:02Z INFO ConfigurationManager] Is configured: True
[2025-11-14 12:44:02Z INFO Runner] Could not parse the argument value '' for StartupType. Defaulting to Manual
[2025-11-14 12:44:02Z INFO Runner] Set runner startup type - Manual
[2025-11-14 12:44:02Z INFO CommandSettings] Flag 'once': 'False'
[2025-11-14 12:44:02Z INFO CommandSettings] Flag 'once': 'False'
[2025-11-14 12:44:02Z INFO Runner] RunAsync
[2025-11-14 12:44:02Z INFO ConfigurationManager] LoadMigratedSettings
[2025-11-14 12:44:02Z INFO ConfigurationStore] IsMigratedConfigured()
[2025-11-14 12:44:02Z INFO ConfigurationStore] IsMigratedConfigured: True
[2025-11-14 12:44:02Z INFO ConfigurationStore] Read migrated setting file: 400 chars
[2025-11-14 12:44:02Z INFO ConfigurationManager] Migrated Settings Loaded
[2025-11-14 12:44:02Z INFO Runner] Loaded migrated settings from .runner_migrated file
[2025-11-14 12:44:02Z INFO Runner] {
  "AgentId": 2,
  "AgentName": "ARC",
  "PoolId": 1,
  "PoolName": "Default",
  "ServerUrl": "https://pipelinesghubeus15.actions.githubusercontent.com/vSVftLgodSJ2diePV08cjkEtdQyiOueGsCbkZNPWZuZoHP3cDj/",
  "GitHubUrl": "https://github.com/AliAhmad1600/unity-build-pipeline",
  "WorkFolder": "_work",
  "UseV2Flow": true,
  "ServerUrlV2": "https://broker.actions.githubusercontent.com/"
}
[2025-11-14 12:44:02Z INFO Runner] Attempting to create session using migrated settings
[2025-11-14 12:44:02Z INFO Runner] Using BrokerMessageListener
[2025-11-14 12:44:02Z INFO BrokerMessageListener] Using provided settings
[2025-11-14 12:44:02Z INFO BrokerMessageListener] Using migrated settings from .runner_migrated
[2025-11-14 12:44:02Z INFO BrokerMessageListener] {
  "AgentId": 2,
  "AgentName": "ARC",
  "PoolId": 1,
  "PoolName": "Default",
  "ServerUrl": "https://pipelinesghubeus15.actions.githubusercontent.com/vSVftLgodSJ2diePV08cjkEtdQyiOueGsCbkZNPWZuZoHP3cDj/",
  "GitHubUrl": "https://github.com/AliAhmad1600/unity-build-pipeline",
  "WorkFolder": "_work",
  "UseV2Flow": true,
  "ServerUrlV2": "https://broker.actions.githubusercontent.com/"
}
[2025-11-14 12:44:02Z INFO BrokerMessageListener] Loading Credentials
[2025-11-14 12:44:02Z INFO ConfigurationStore] HasCredentials()
[2025-11-14 12:44:02Z INFO ConfigurationStore] stored True
[2025-11-14 12:44:02Z INFO CredentialManager] GetCredentialProvider
[2025-11-14 12:44:02Z INFO CredentialManager] Creating type OAuth
[2025-11-14 12:44:02Z INFO CredentialManager] Creating credential type: OAuth
[2025-11-14 12:44:02Z INFO HostContext] Well known directory 'Bin': 'C:\Projects\unity-build-pipeline\actions-runner\bin'
[2025-11-14 12:44:02Z INFO HostContext] Well known directory 'Root': 'C:\Projects\unity-build-pipeline\actions-runner'
[2025-11-14 12:44:02Z INFO HostContext] Well known config file 'RSACredentials': 'C:\Projects\unity-build-pipeline\actions-runner\.credentials_rsaparams'
[2025-11-14 12:44:02Z INFO RSAEncryptedFileKeyManager] Loading RSA key parameters from file C:\Projects\unity-build-pipeline\actions-runner\.credentials_rsaparams
[2025-11-14 12:44:02Z INFO BrokerMessageListener] Attempt to create session.
[2025-11-14 12:44:02Z INFO BrokerMessageListener] Connecting to the Broker Server...
[2025-11-14 12:44:02Z INFO ConfigurationStore] HasCredentials()
[2025-11-14 12:44:02Z INFO ConfigurationStore] stored True
[2025-11-14 12:44:02Z INFO CredentialManager] GetCredentialProvider
[2025-11-14 12:44:02Z INFO CredentialManager] Creating type OAuth
[2025-11-14 12:44:02Z INFO CredentialManager] Creating credential type: OAuth
[2025-11-14 12:44:02Z INFO RSAEncryptedFileKeyManager] Loading RSA key parameters from file C:\Projects\unity-build-pipeline\actions-runner\.credentials_rsaparams
[2025-11-14 12:44:02Z INFO BrokerMessageListener] VssConnection created
[2025-11-14 12:44:02Z INFO BrokerMessageListener] Connecting to the Runner server...
[2025-11-14 12:44:02Z INFO RunnerServer] EstablishVssConnection
[2025-11-14 12:44:02Z INFO RunnerServer] Establish connection with 100 seconds timeout.
[2025-11-14 12:44:02Z INFO GitHubActionsService] Starting operation Location.GetConnectionData
[2025-11-14 12:44:02Z INFO RunnerServer] EstablishVssConnection
[2025-11-14 12:44:02Z INFO RunnerServer] Establish connection with 60 seconds timeout.
[2025-11-14 12:44:02Z INFO GitHubActionsService] Starting operation Location.GetConnectionData
[2025-11-14 12:44:02Z INFO RunnerServer] EstablishVssConnection
[2025-11-14 12:44:02Z INFO RunnerServer] Establish connection with 60 seconds timeout.
[2025-11-14 12:44:02Z INFO GitHubActionsService] Starting operation Location.GetConnectionData
[2025-11-14 12:44:03Z INFO GitHubActionsService] Finished operation Location.GetConnectionData
[2025-11-14 12:44:03Z INFO GitHubActionsService] Finished operation Location.GetConnectionData
[2025-11-14 12:44:03Z INFO GitHubActionsService] Finished operation Location.GetConnectionData
[2025-11-14 12:44:04Z INFO BrokerMessageListener] VssConnection created
[2025-11-14 12:44:04Z INFO Terminal] WRITE LINE: 
[2025-11-14 12:44:04Z INFO Terminal] WRITE LINE: 
[2025-11-14 12:44:04Z INFO RSAEncryptedFileKeyManager] Loading RSA key parameters from file C:\Projects\unity-build-pipeline\actions-runner\.credentials_rsaparams
[2025-11-14 12:44:04Z INFO RSAEncryptedFileKeyManager] Loading RSA key parameters from file C:\Projects\unity-build-pipeline\actions-runner\.credentials_rsaparams
[2025-11-14 12:44:05Z INFO GitHubActionsService] AAD Correlation ID for this token request: Unknown
[2025-11-14 12:44:06Z INFO BrokerMessageListener] Session created.
[2025-11-14 12:44:06Z INFO Runner] Successfully created session with migrated settings
[2025-11-14 12:44:06Z INFO Terminal] WRITE LINE: Current runner version: '2.329.0'
[2025-11-14 12:44:06Z INFO Terminal] WRITE LINE: 2025-11-14 12:44:06Z: Listening for Jobs
[2025-11-14 12:44:06Z INFO JobDispatcher] Set runner/worker IPC timeout to 30 seconds.
[2025-11-14 12:44:30Z INFO BrokerMessageListener] Acknowledging runner request '760adb32-43a7-5ea8-9299-328eb86f923f'.
[2025-11-14 12:44:30Z INFO ConfigurationStore] HasCredentials()
[2025-11-14 12:44:30Z INFO ConfigurationStore] stored True
[2025-11-14 12:44:30Z INFO CredentialManager] GetCredentialProvider
[2025-11-14 12:44:30Z INFO CredentialManager] Creating type OAuth
[2025-11-14 12:44:30Z INFO CredentialManager] Creating credential type: OAuth
[2025-11-14 12:44:30Z INFO RSAEncryptedFileKeyManager] Loading RSA key parameters from file C:\Projects\unity-build-pipeline\actions-runner\.credentials_rsaparams
[2025-11-14 12:44:30Z INFO RSAEncryptedFileKeyManager] Loading RSA key parameters from file C:\Projects\unity-build-pipeline\actions-runner\.credentials_rsaparams
[2025-11-14 12:44:30Z INFO RSAEncryptedFileKeyManager] Loading RSA key parameters from file C:\Projects\unity-build-pipeline\actions-runner\.credentials_rsaparams
[2025-11-14 12:44:31Z INFO GitHubActionsService] AAD Correlation ID for this token request: Unknown
[2025-11-14 12:44:33Z INFO JobDispatcher] Job request 0 for plan 44ec4454-8ab1-42d6-8b09-6f9e4284cc9c job 760adb32-43a7-5ea8-9299-328eb86f923f received.
[2025-11-14 12:44:33Z INFO JobDispatcher] Pull OrchestrationId 44ec4454-8ab1-42d6-8b09-6f9e4284cc9c.build.__default from JWT claims
[2025-11-14 12:44:33Z INFO BrokerMessageListener] Received job status event. JobState: Busy
[2025-11-14 12:44:33Z INFO BrokerMessageListener] _getMessagesTokenSource is already disposed.
[2025-11-14 12:44:33Z INFO Terminal] WRITE LINE: 2025-11-14 12:44:33Z: Running job: build
[2025-11-14 12:44:33Z INFO JobDispatcher] Start renew job request 0 for job 760adb32-43a7-5ea8-9299-328eb86f923f.
[2025-11-14 12:44:34Z INFO JobDispatcher] Successfully renew job 760adb32-43a7-5ea8-9299-328eb86f923f, job is valid till 14/11/2025 12:54:36 pm
[2025-11-14 12:44:34Z INFO HostContext] Well known directory 'Bin': 'C:\Projects\unity-build-pipeline\actions-runner\bin'
[2025-11-14 12:44:34Z INFO ProcessInvokerWrapper] Starting process:
[2025-11-14 12:44:34Z INFO ProcessInvokerWrapper]   File name: 'C:\Projects\unity-build-pipeline\actions-runner\bin\Runner.Worker.exe'
[2025-11-14 12:44:34Z INFO ProcessInvokerWrapper]   Arguments: 'spawnclient 2300 2312'
[2025-11-14 12:44:34Z INFO ProcessInvokerWrapper]   Working directory: 'C:\Projects\unity-build-pipeline\actions-runner\bin'
[2025-11-14 12:44:34Z INFO ProcessInvokerWrapper]   Require exit code zero: 'False'
[2025-11-14 12:44:34Z INFO ProcessInvokerWrapper]   Encoding web name:  ; code page: ''
[2025-11-14 12:44:34Z INFO ProcessInvokerWrapper]   Force kill process on cancellation: 'True'
[2025-11-14 12:44:34Z INFO ProcessInvokerWrapper]   Redirected STDIN: 'False'
[2025-11-14 12:44:34Z INFO ProcessInvokerWrapper]   Persist current code page: 'False'
[2025-11-14 12:44:34Z INFO ProcessInvokerWrapper]   Keep redirected STDIN open: 'False'
[2025-11-14 12:44:34Z INFO ProcessInvokerWrapper]   High priority process: 'True'
[2025-11-14 12:44:34Z INFO ProcessInvokerWrapper] Process started with process id 42096, waiting for process exit.
[2025-11-14 12:44:34Z INFO JobDispatcher] Send job request message to worker for job 760adb32-43a7-5ea8-9299-328eb86f923f.
[2025-11-14 12:44:34Z INFO ProcessChannel] Sending message of length 18243, with hash 'd5c8e7f89a3681fe9db7e293af6805adb747278abb78b90ded4c83d77cc0f5aa'
[2025-11-14 12:44:34Z INFO JobNotification] Entering JobStarted Notification
[2025-11-14 12:44:34Z INFO JobNotification] Entering StartMonitor
[2025-11-14 12:45:34Z INFO JobDispatcher] Successfully renew job 760adb32-43a7-5ea8-9299-328eb86f923f, job is valid till 14/11/2025 12:55:36 pm
[2025-11-14 12:46:06Z INFO ProcessInvokerWrapper] STDOUT/STDERR stream read finished.
[2025-11-14 12:46:06Z INFO ProcessInvokerWrapper] STDOUT/STDERR stream read finished.
[2025-11-14 12:46:06Z INFO ProcessInvokerWrapper] Finished process 42096 with exit code 100, and elapsed time 00:01:31.5344157.
[2025-11-14 12:46:06Z INFO JobDispatcher] Worker finished for job 760adb32-43a7-5ea8-9299-328eb86f923f. Code: 100
[2025-11-14 12:46:06Z INFO JobDispatcher] finish job request for job 760adb32-43a7-5ea8-9299-328eb86f923f with result: Succeeded
[2025-11-14 12:46:06Z INFO Terminal] WRITE LINE: 2025-11-14 12:46:06Z: Job build completed with result: Succeeded
[2025-11-14 12:46:06Z INFO JobDispatcher] Stop renew job request for job 760adb32-43a7-5ea8-9299-328eb86f923f.
[2025-11-14 12:46:06Z INFO JobDispatcher] job renew has been cancelled, stop renew job 760adb32-43a7-5ea8-9299-328eb86f923f.
[2025-11-14 12:46:06Z INFO JobNotification] Entering JobCompleted Notification
[2025-11-14 12:46:06Z INFO JobNotification] Entering EndMonitor
[2025-11-14 12:46:06Z INFO BrokerMessageListener] Received job status event. JobState: Online
[2025-11-14 12:46:06Z WARN GitHubActionsService] GET request to https://broker.actions.githubusercontent.com/message?sessionId=b08dbdfb-de9b-484f-95e3-13c56b43b497&status=Busy&runnerVersion=2.329.0&os=Windows&architecture=X64&disableUpdate=false has been cancelled.
[2025-11-14 12:46:06Z ERR  BrokerServer] Catch exception during request
[2025-11-14 12:46:06Z ERR  BrokerServer] System.Threading.Tasks.TaskCanceledException: The operation was canceled.
 ---> System.Threading.Tasks.TaskCanceledException: The operation was canceled.
 ---> System.IO.IOException: Unable to read data from the transport connection: The I/O operation has been aborted because of either a thread exit or an application request..
 ---> System.Net.Sockets.SocketException (995): The I/O operation has been aborted because of either a thread exit or an application request.
   --- End of inner exception stack trace ---
   at System.Net.Sockets.Socket.AwaitableSocketAsyncEventArgs.ThrowException(SocketError error, CancellationToken cancellationToken)
   at System.Net.Sockets.Socket.AwaitableSocketAsyncEventArgs.System.Threading.Tasks.Sources.IValueTaskSource<System.Int32>.GetResult(Int16 token)
   at System.Net.Security.SslStream.EnsureFullTlsFrameAsync[TIOAdapter](CancellationToken cancellationToken, Int32 estimatedSize)
   at System.Runtime.CompilerServices.PoolingAsyncValueTaskMethodBuilder`1.StateMachineBox`1.System.Threading.Tasks.Sources.IValueTaskSource<TResult>.GetResult(Int16 token)
   at System.Net.Security.SslStream.ReadAsyncInternal[TIOAdapter](Memory`1 buffer, CancellationToken cancellationToken)
   at System.Runtime.CompilerServices.PoolingAsyncValueTaskMethodBuilder`1.StateMachineBox`1.System.Threading.Tasks.Sources.IValueTaskSource<TResult>.GetResult(Int16 token)
   at System.Net.Http.HttpConnection.SendAsync(HttpRequestMessage request, Boolean async, CancellationToken cancellationToken)
   --- End of inner exception stack trace ---
   at System.Net.Http.HttpConnection.SendAsync(HttpRequestMessage request, Boolean async, CancellationToken cancellationToken)
   at System.Net.Http.AuthenticationHelper.SendWithNtAuthAsync(HttpRequestMessage request, Uri authUri, Boolean async, ICredentials credentials, Boolean isProxyAuth, HttpConnection connection, HttpConnectionPool connectionPool, CancellationToken cancellationToken)
   at System.Net.Http.HttpConnectionPool.SendWithVersionDetectionAndRetryAsync(HttpRequestMessage request, Boolean async, Boolean doRequestAuth, CancellationToken cancellationToken)
   at System.Net.Http.AuthenticationHelper.SendWithAuthAsync(HttpRequestMessage request, Uri authUri, Boolean async, ICredentials credentials, Boolean preAuthenticate, Boolean isProxyAuth, Boolean doRequestAuth, HttpConnectionPool pool, CancellationToken cancellationToken)
   at System.Net.Http.RedirectHandler.SendAsync(HttpRequestMessage request, Boolean async, CancellationToken cancellationToken)
   at GitHub.Services.Common.RawHttpMessageHandler.SendAsync(HttpRequestMessage request, CancellationToken cancellationToken)
   at GitHub.Services.Common.VssHttpRetryMessageHandler.SendAsync(HttpRequestMessage request, CancellationToken cancellationToken)
   at System.Net.Http.HttpClient.<SendAsync>g__Core|83_0(HttpRequestMessage request, HttpCompletionOption completionOption, CancellationTokenSource cts, Boolean disposeCts, CancellationTokenSource pendingRequestsCts, CancellationToken originalCancellationToken)
   --- End of inner exception stack trace ---
   at System.Net.Http.HttpClient.HandleFailure(Exception e, Boolean telemetryStarted, HttpResponseMessage response, CancellationTokenSource cts, CancellationToken cancellationToken, CancellationTokenSource pendingRequestsCts)
   at System.Net.Http.HttpClient.<SendAsync>g__Core|83_0(HttpRequestMessage request, HttpCompletionOption completionOption, CancellationTokenSource cts, Boolean disposeCts, CancellationTokenSource pendingRequestsCts, CancellationToken originalCancellationToken)
   at Sdk.WebApi.WebApi.RawHttpClientBase.SendAsync(HttpRequestMessage message, HttpCompletionOption completionOption, Object userState, CancellationToken cancellationToken)
   at Sdk.WebApi.WebApi.RawHttpClientBase.SendAsync[T](HttpRequestMessage message, Boolean readErrorBody, Object userState, CancellationToken cancellationToken)
   at Sdk.WebApi.WebApi.RawHttpClientBase.SendAsync[T](HttpMethod method, IEnumerable`1 additionalHeaders, Uri requestUri, HttpContent content, IEnumerable`1 queryParameters, Boolean readErrorBody, Object userState, CancellationToken cancellationToken)
   at GitHub.Actions.RunService.WebApi.BrokerHttpClient.GetRunnerMessageAsync(Nullable`1 sessionId, String runnerVersion, Nullable`1 status, String os, String architecture, Nullable`1 disableUpdate, CancellationToken cancellationToken)
   at GitHub.Runner.Common.BrokerServer.<>c__DisplayClass7_0.<<GetRunnerMessageAsync>b__0>d.MoveNext()
--- End of stack trace from previous location ---
   at GitHub.Runner.Common.RunnerService.RetryRequest[T](Func`1 func, CancellationToken cancellationToken, Int32 maxAttempts, Func`2 shouldRetry)
[2025-11-14 12:46:06Z ERR  BrokerServer] #####################################################
[2025-11-14 12:46:06Z ERR  BrokerServer] System.Threading.Tasks.TaskCanceledException: The operation was canceled.
 ---> System.IO.IOException: Unable to read data from the transport connection: The I/O operation has been aborted because of either a thread exit or an application request..
 ---> System.Net.Sockets.SocketException (995): The I/O operation has been aborted because of either a thread exit or an application request.
   --- End of inner exception stack trace ---
   at System.Net.Sockets.Socket.AwaitableSocketAsyncEventArgs.ThrowException(SocketError error, CancellationToken cancellationToken)
   at System.Net.Sockets.Socket.AwaitableSocketAsyncEventArgs.System.Threading.Tasks.Sources.IValueTaskSource<System.Int32>.GetResult(Int16 token)
   at System.Net.Security.SslStream.EnsureFullTlsFrameAsync[TIOAdapter](CancellationToken cancellationToken, Int32 estimatedSize)
   at System.Runtime.CompilerServices.PoolingAsyncValueTaskMethodBuilder`1.StateMachineBox`1.System.Threading.Tasks.Sources.IValueTaskSource<TResult>.GetResult(Int16 token)
   at System.Net.Security.SslStream.ReadAsyncInternal[TIOAdapter](Memory`1 buffer, CancellationToken cancellationToken)
   at System.Runtime.CompilerServices.PoolingAsyncValueTaskMethodBuilder`1.StateMachineBox`1.System.Threading.Tasks.Sources.IValueTaskSource<TResult>.GetResult(Int16 token)
   at System.Net.Http.HttpConnection.SendAsync(HttpRequestMessage request, Boolean async, CancellationToken cancellationToken)
   --- End of inner exception stack trace ---
   at System.Net.Http.HttpConnection.SendAsync(HttpRequestMessage request, Boolean async, CancellationToken cancellationToken)
   at System.Net.Http.AuthenticationHelper.SendWithNtAuthAsync(HttpRequestMessage request, Uri authUri, Boolean async, ICredentials credentials, Boolean isProxyAuth, HttpConnection connection, HttpConnectionPool connectionPool, CancellationToken cancellationToken)
   at System.Net.Http.HttpConnectionPool.SendWithVersionDetectionAndRetryAsync(HttpRequestMessage request, Boolean async, Boolean doRequestAuth, CancellationToken cancellationToken)
   at System.Net.Http.AuthenticationHelper.SendWithAuthAsync(HttpRequestMessage request, Uri authUri, Boolean async, ICredentials credentials, Boolean preAuthenticate, Boolean isProxyAuth, Boolean doRequestAuth, HttpConnectionPool pool, CancellationToken cancellationToken)
   at System.Net.Http.RedirectHandler.SendAsync(HttpRequestMessage request, Boolean async, CancellationToken cancellationToken)
   at GitHub.Services.Common.RawHttpMessageHandler.SendAsync(HttpRequestMessage request, CancellationToken cancellationToken)
   at GitHub.Services.Common.VssHttpRetryMessageHandler.SendAsync(HttpRequestMessage request, CancellationToken cancellationToken)
   at System.Net.Http.HttpClient.<SendAsync>g__Core|83_0(HttpRequestMessage request, HttpCompletionOption completionOption, CancellationTokenSource cts, Boolean disposeCts, CancellationTokenSource pendingRequestsCts, CancellationToken originalCancellationToken)
[2025-11-14 12:46:06Z ERR  BrokerServer] #####################################################
[2025-11-14 12:46:06Z ERR  BrokerServer] System.IO.IOException: Unable to read data from the transport connection: The I/O operation has been aborted because of either a thread exit or an application request..
 ---> System.Net.Sockets.SocketException (995): The I/O operation has been aborted because of either a thread exit or an application request.
   --- End of inner exception stack trace ---
   at System.Net.Sockets.Socket.AwaitableSocketAsyncEventArgs.ThrowException(SocketError error, CancellationToken cancellationToken)
   at System.Net.Sockets.Socket.AwaitableSocketAsyncEventArgs.System.Threading.Tasks.Sources.IValueTaskSource<System.Int32>.GetResult(Int16 token)
   at System.Net.Security.SslStream.EnsureFullTlsFrameAsync[TIOAdapter](CancellationToken cancellationToken, Int32 estimatedSize)
   at System.Runtime.CompilerServices.PoolingAsyncValueTaskMethodBuilder`1.StateMachineBox`1.System.Threading.Tasks.Sources.IValueTaskSource<TResult>.GetResult(Int16 token)
   at System.Net.Security.SslStream.ReadAsyncInternal[TIOAdapter](Memory`1 buffer, CancellationToken cancellationToken)
   at System.Runtime.CompilerServices.PoolingAsyncValueTaskMethodBuilder`1.StateMachineBox`1.System.Threading.Tasks.Sources.IValueTaskSource<TResult>.GetResult(Int16 token)
   at System.Net.Http.HttpConnection.SendAsync(HttpRequestMessage request, Boolean async, CancellationToken cancellationToken)
[2025-11-14 12:46:06Z ERR  BrokerServer] #####################################################
[2025-11-14 12:46:06Z ERR  BrokerServer] System.Net.Sockets.SocketException (995): The I/O operation has been aborted because of either a thread exit or an application request.
[2025-11-14 12:46:06Z WARN BrokerServer] Back off 7.734 seconds before next retry. 4 attempt left.
[2025-11-14 12:46:06Z INFO BrokerMessageListener] Get messages has been cancelled using local token source. Continue to get messages with new status.
[2025-11-14 12:47:45Z INFO BrokerMessageListener] Acknowledging runner request '54195935-1765-50a6-b0ea-4bd94ea35200'.
[2025-11-14 12:47:45Z INFO ConfigurationStore] HasCredentials()
[2025-11-14 12:47:45Z INFO ConfigurationStore] stored True
[2025-11-14 12:47:45Z INFO CredentialManager] GetCredentialProvider
[2025-11-14 12:47:45Z INFO CredentialManager] Creating type OAuth
[2025-11-14 12:47:45Z INFO CredentialManager] Creating credential type: OAuth
[2025-11-14 12:47:45Z INFO RSAEncryptedFileKeyManager] Loading RSA key parameters from file C:\Projects\unity-build-pipeline\actions-runner\.credentials_rsaparams
[2025-11-14 12:47:45Z INFO RSAEncryptedFileKeyManager] Loading RSA key parameters from file C:\Projects\unity-build-pipeline\actions-runner\.credentials_rsaparams
[2025-11-14 12:47:45Z INFO RSAEncryptedFileKeyManager] Loading RSA key parameters from file C:\Projects\unity-build-pipeline\actions-runner\.credentials_rsaparams
[2025-11-14 12:47:46Z INFO GitHubActionsService] AAD Correlation ID for this token request: Unknown
[2025-11-14 12:47:48Z INFO JobDispatcher] Job request 0 for plan e1b06728-6581-4c47-ac9a-7b66e121fd4d job 54195935-1765-50a6-b0ea-4bd94ea35200 received.
[2025-11-14 12:47:48Z INFO JobDispatcher] Pull OrchestrationId e1b06728-6581-4c47-ac9a-7b66e121fd4d.build.__default from JWT claims
[2025-11-14 12:47:48Z INFO BrokerMessageListener] Received job status event. JobState: Busy
[2025-11-14 12:47:48Z INFO BrokerMessageListener] _getMessagesTokenSource is already disposed.
[2025-11-14 12:47:48Z INFO JobDispatcher] Job request 760adb32-43a7-5ea8-9299-328eb86f923f processed succeed.
[2025-11-14 12:47:48Z INFO Terminal] WRITE LINE: 2025-11-14 12:47:48Z: Running job: build
[2025-11-14 12:47:48Z INFO JobDispatcher] Start renew job request 0 for job 54195935-1765-50a6-b0ea-4bd94ea35200.
[2025-11-14 12:47:49Z INFO JobDispatcher] Successfully renew job 54195935-1765-50a6-b0ea-4bd94ea35200, job is valid till 14/11/2025 12:57:51 pm
[2025-11-14 12:47:49Z INFO HostContext] Well known directory 'Bin': 'C:\Projects\unity-build-pipeline\actions-runner\bin'
[2025-11-14 12:47:49Z INFO ProcessInvokerWrapper] Starting process:
[2025-11-14 12:47:49Z INFO ProcessInvokerWrapper]   File name: 'C:\Projects\unity-build-pipeline\actions-runner\bin\Runner.Worker.exe'
[2025-11-14 12:47:49Z INFO ProcessInvokerWrapper]   Arguments: 'spawnclient 1384 2236'
[2025-11-14 12:47:49Z INFO ProcessInvokerWrapper]   Working directory: 'C:\Projects\unity-build-pipeline\actions-runner\bin'
[2025-11-14 12:47:49Z INFO ProcessInvokerWrapper]   Require exit code zero: 'False'
[2025-11-14 12:47:49Z INFO ProcessInvokerWrapper]   Encoding web name:  ; code page: ''
[2025-11-14 12:47:49Z INFO ProcessInvokerWrapper]   Force kill process on cancellation: 'True'
[2025-11-14 12:47:49Z INFO ProcessInvokerWrapper]   Redirected STDIN: 'False'
[2025-11-14 12:47:49Z INFO ProcessInvokerWrapper]   Persist current code page: 'False'
[2025-11-14 12:47:49Z INFO ProcessInvokerWrapper]   Keep redirected STDIN open: 'False'
[2025-11-14 12:47:49Z INFO ProcessInvokerWrapper]   High priority process: 'True'
[2025-11-14 12:47:49Z INFO ProcessInvokerWrapper] Process started with process id 35908, waiting for process exit.
[2025-11-14 12:47:49Z INFO JobDispatcher] Send job request message to worker for job 54195935-1765-50a6-b0ea-4bd94ea35200.
[2025-11-14 12:47:49Z INFO ProcessChannel] Sending message of length 18353, with hash 'eba05bffc514ec814d8c8e3847afbbfa4c8d5cb1c9a8cffe699e888a0ab916b7'
[2025-11-14 12:47:49Z INFO JobNotification] Entering JobStarted Notification
[2025-11-14 12:47:49Z INFO JobNotification] Entering StartMonitor
[2025-11-14 12:48:49Z INFO JobDispatcher] Successfully renew job 54195935-1765-50a6-b0ea-4bd94ea35200, job is valid till 14/11/2025 12:58:51 pm
[2025-11-14 12:49:15Z INFO ProcessInvokerWrapper] STDOUT/STDERR stream read finished.
[2025-11-14 12:49:15Z INFO ProcessInvokerWrapper] STDOUT/STDERR stream read finished.
[2025-11-14 12:49:15Z INFO ProcessInvokerWrapper] Finished process 35908 with exit code 100, and elapsed time 00:01:26.0458843.
[2025-11-14 12:49:15Z INFO JobDispatcher] Worker finished for job 54195935-1765-50a6-b0ea-4bd94ea35200. Code: 100
[2025-11-14 12:49:15Z INFO JobDispatcher] finish job request for job 54195935-1765-50a6-b0ea-4bd94ea35200 with result: Succeeded
[2025-11-14 12:49:15Z INFO Terminal] WRITE LINE: 2025-11-14 12:49:15Z: Job build completed with result: Succeeded
[2025-11-14 12:49:15Z INFO JobDispatcher] Stop renew job request for job 54195935-1765-50a6-b0ea-4bd94ea35200.
[2025-11-14 12:49:15Z INFO JobDispatcher] job renew has been cancelled, stop renew job 54195935-1765-50a6-b0ea-4bd94ea35200.
[2025-11-14 12:49:15Z INFO JobNotification] Entering JobCompleted Notification
[2025-11-14 12:49:15Z INFO JobNotification] Entering EndMonitor
[2025-11-14 12:49:15Z INFO BrokerMessageListener] Received job status event. JobState: Online
[2025-11-14 12:49:15Z WARN GitHubActionsService] GET request to https://broker.actions.githubusercontent.com/message?sessionId=b08dbdfb-de9b-484f-95e3-13c56b43b497&status=Busy&runnerVersion=2.329.0&os=Windows&architecture=X64&disableUpdate=false has been cancelled.
[2025-11-14 12:49:15Z ERR  BrokerServer] Catch exception during request
[2025-11-14 12:49:15Z ERR  BrokerServer] System.Threading.Tasks.TaskCanceledException: The operation was canceled.
 ---> System.Threading.Tasks.TaskCanceledException: The operation was canceled.
 ---> System.IO.IOException: Unable to read data from the transport connection: The I/O operation has been aborted because of either a thread exit or an application request..
 ---> System.Net.Sockets.SocketException (995): The I/O operation has been aborted because of either a thread exit or an application request.
   --- End of inner exception stack trace ---
   at System.Net.Sockets.Socket.AwaitableSocketAsyncEventArgs.System.Threading.Tasks.Sources.IValueTaskSource<System.Int32>.GetResult(Int16 token)
   at System.Net.Security.SslStream.EnsureFullTlsFrameAsync[TIOAdapter](CancellationToken cancellationToken, Int32 estimatedSize)
   at System.Runtime.CompilerServices.PoolingAsyncValueTaskMethodBuilder`1.StateMachineBox`1.System.Threading.Tasks.Sources.IValueTaskSource<TResult>.GetResult(Int16 token)
   at System.Net.Security.SslStream.ReadAsyncInternal[TIOAdapter](Memory`1 buffer, CancellationToken cancellationToken)
   at System.Runtime.CompilerServices.PoolingAsyncValueTaskMethodBuilder`1.StateMachineBox`1.System.Threading.Tasks.Sources.IValueTaskSource<TResult>.GetResult(Int16 token)
   at System.Net.Http.HttpConnection.SendAsync(HttpRequestMessage request, Boolean async, CancellationToken cancellationToken)
   --- End of inner exception stack trace ---
   at System.Net.Http.HttpConnection.SendAsync(HttpRequestMessage request, Boolean async, CancellationToken cancellationToken)
   at System.Net.Http.AuthenticationHelper.SendWithNtAuthAsync(HttpRequestMessage request, Uri authUri, Boolean async, ICredentials credentials, Boolean isProxyAuth, HttpConnection connection, HttpConnectionPool connectionPool, CancellationToken cancellationToken)
   at System.Net.Http.HttpConnectionPool.SendWithVersionDetectionAndRetryAsync(HttpRequestMessage request, Boolean async, Boolean doRequestAuth, CancellationToken cancellationToken)
   at System.Net.Http.AuthenticationHelper.SendWithAuthAsync(HttpRequestMessage request, Uri authUri, Boolean async, ICredentials credentials, Boolean preAuthenticate, Boolean isProxyAuth, Boolean doRequestAuth, HttpConnectionPool pool, CancellationToken cancellationToken)
   at System.Net.Http.RedirectHandler.SendAsync(HttpRequestMessage request, Boolean async, CancellationToken cancellationToken)
   at GitHub.Services.Common.RawHttpMessageHandler.SendAsync(HttpRequestMessage request, CancellationToken cancellationToken)
   at GitHub.Services.Common.VssHttpRetryMessageHandler.SendAsync(HttpRequestMessage request, CancellationToken cancellationToken)
   at System.Net.Http.HttpClient.<SendAsync>g__Core|83_0(HttpRequestMessage request, HttpCompletionOption completionOption, CancellationTokenSource cts, Boolean disposeCts, CancellationTokenSource pendingRequestsCts, CancellationToken originalCancellationToken)
   --- End of inner exception stack trace ---
   at System.Net.Http.HttpClient.HandleFailure(Exception e, Boolean telemetryStarted, HttpResponseMessage response, CancellationTokenSource cts, CancellationToken cancellationToken, CancellationTokenSource pendingRequestsCts)
   at System.Net.Http.HttpClient.<SendAsync>g__Core|83_0(HttpRequestMessage request, HttpCompletionOption completionOption, CancellationTokenSource cts, Boolean disposeCts, CancellationTokenSource pendingRequestsCts, CancellationToken originalCancellationToken)
   at Sdk.WebApi.WebApi.RawHttpClientBase.SendAsync(HttpRequestMessage message, HttpCompletionOption completionOption, Object userState, CancellationToken cancellationToken)
   at Sdk.WebApi.WebApi.RawHttpClientBase.SendAsync[T](HttpRequestMessage message, Boolean readErrorBody, Object userState, CancellationToken cancellationToken)
   at Sdk.WebApi.WebApi.RawHttpClientBase.SendAsync[T](HttpMethod method, IEnumerable`1 additionalHeaders, Uri requestUri, HttpContent content, IEnumerable`1 queryParameters, Boolean readErrorBody, Object userState, CancellationToken cancellationToken)
   at GitHub.Actions.RunService.WebApi.BrokerHttpClient.GetRunnerMessageAsync(Nullable`1 sessionId, String runnerVersion, Nullable`1 status, String os, String architecture, Nullable`1 disableUpdate, CancellationToken cancellationToken)
   at GitHub.Runner.Common.BrokerServer.<>c__DisplayClass7_0.<<GetRunnerMessageAsync>b__0>d.MoveNext()
--- End of stack trace from previous location ---
   at GitHub.Runner.Common.RunnerService.RetryRequest[T](Func`1 func, CancellationToken cancellationToken, Int32 maxAttempts, Func`2 shouldRetry)
[2025-11-14 12:49:15Z ERR  BrokerServer] #####################################################
[2025-11-14 12:49:15Z ERR  BrokerServer] System.Threading.Tasks.TaskCanceledException: The operation was canceled.
 ---> System.IO.IOException: Unable to read data from the transport connection: The I/O operation has been aborted because of either a thread exit or an application request..
 ---> System.Net.Sockets.SocketException (995): The I/O operation has been aborted because of either a thread exit or an application request.
   --- End of inner exception stack trace ---
   at System.Net.Sockets.Socket.AwaitableSocketAsyncEventArgs.System.Threading.Tasks.Sources.IValueTaskSource<System.Int32>.GetResult(Int16 token)
   at System.Net.Security.SslStream.EnsureFullTlsFrameAsync[TIOAdapter](CancellationToken cancellationToken, Int32 estimatedSize)
   at System.Runtime.CompilerServices.PoolingAsyncValueTaskMethodBuilder`1.StateMachineBox`1.System.Threading.Tasks.Sources.IValueTaskSource<TResult>.GetResult(Int16 token)
   at System.Net.Security.SslStream.ReadAsyncInternal[TIOAdapter](Memory`1 buffer, CancellationToken cancellationToken)
   at System.Runtime.CompilerServices.PoolingAsyncValueTaskMethodBuilder`1.StateMachineBox`1.System.Threading.Tasks.Sources.IValueTaskSource<TResult>.GetResult(Int16 token)
   at System.Net.Http.HttpConnection.SendAsync(HttpRequestMessage request, Boolean async, CancellationToken cancellationToken)
   --- End of inner exception stack trace ---
   at System.Net.Http.HttpConnection.SendAsync(HttpRequestMessage request, Boolean async, CancellationToken cancellationToken)
   at System.Net.Http.AuthenticationHelper.SendWithNtAuthAsync(HttpRequestMessage request, Uri authUri, Boolean async, ICredentials credentials, Boolean isProxyAuth, HttpConnection connection, HttpConnectionPool connectionPool, CancellationToken cancellationToken)
   at System.Net.Http.HttpConnectionPool.SendWithVersionDetectionAndRetryAsync(HttpRequestMessage request, Boolean async, Boolean doRequestAuth, CancellationToken cancellationToken)
   at System.Net.Http.AuthenticationHelper.SendWithAuthAsync(HttpRequestMessage request, Uri authUri, Boolean async, ICredentials credentials, Boolean preAuthenticate, Boolean isProxyAuth, Boolean doRequestAuth, HttpConnectionPool pool, CancellationToken cancellationToken)
   at System.Net.Http.RedirectHandler.SendAsync(HttpRequestMessage request, Boolean async, CancellationToken cancellationToken)
   at GitHub.Services.Common.RawHttpMessageHandler.SendAsync(HttpRequestMessage request, CancellationToken cancellationToken)
   at GitHub.Services.Common.VssHttpRetryMessageHandler.SendAsync(HttpRequestMessage request, CancellationToken cancellationToken)
   at System.Net.Http.HttpClient.<SendAsync>g__Core|83_0(HttpRequestMessage request, HttpCompletionOption completionOption, CancellationTokenSource cts, Boolean disposeCts, CancellationTokenSource pendingRequestsCts, CancellationToken originalCancellationToken)
[2025-11-14 12:49:15Z ERR  BrokerServer] #####################################################
[2025-11-14 12:49:15Z ERR  BrokerServer] System.IO.IOException: Unable to read data from the transport connection: The I/O operation has been aborted because of either a thread exit or an application request..
 ---> System.Net.Sockets.SocketException (995): The I/O operation has been aborted because of either a thread exit or an application request.
   --- End of inner exception stack trace ---
   at System.Net.Sockets.Socket.AwaitableSocketAsyncEventArgs.System.Threading.Tasks.Sources.IValueTaskSource<System.Int32>.GetResult(Int16 token)
   at System.Net.Security.SslStream.EnsureFullTlsFrameAsync[TIOAdapter](CancellationToken cancellationToken, Int32 estimatedSize)
   at System.Runtime.CompilerServices.PoolingAsyncValueTaskMethodBuilder`1.StateMachineBox`1.System.Threading.Tasks.Sources.IValueTaskSource<TResult>.GetResult(Int16 token)
   at System.Net.Security.SslStream.ReadAsyncInternal[TIOAdapter](Memory`1 buffer, CancellationToken cancellationToken)
   at System.Runtime.CompilerServices.PoolingAsyncValueTaskMethodBuilder`1.StateMachineBox`1.System.Threading.Tasks.Sources.IValueTaskSource<TResult>.GetResult(Int16 token)
   at System.Net.Http.HttpConnection.SendAsync(HttpRequestMessage request, Boolean async, CancellationToken cancellationToken)
[2025-11-14 12:49:15Z ERR  BrokerServer] #####################################################
[2025-11-14 12:49:15Z ERR  BrokerServer] System.Net.Sockets.SocketException (995): The I/O operation has been aborted because of either a thread exit or an application request.
[2025-11-14 12:49:15Z WARN BrokerServer] Back off 11.799 seconds before next retry. 4 attempt left.
[2025-11-14 12:49:15Z INFO BrokerMessageListener] Get messages has been cancelled using local token source. Continue to get messages with new status.
[2025-11-14 12:50:01Z INFO HostContext] Runner will be shutdown for UserCancelled
[2025-11-14 12:50:01Z WARN GitHubActionsService] GET request to https://broker.actions.githubusercontent.com/message?sessionId=b08dbdfb-de9b-484f-95e3-13c56b43b497&status=Online&runnerVersion=2.329.0&os=Windows&architecture=X64&disableUpdate=false has been cancelled.
[2025-11-14 12:50:01Z ERR  BrokerServer] Catch exception during request
[2025-11-14 12:50:01Z ERR  BrokerServer] System.Threading.Tasks.TaskCanceledException: The operation was canceled.
 ---> System.Threading.Tasks.TaskCanceledException: The operation was canceled.
 ---> System.IO.IOException: Unable to read data from the transport connection: The I/O operation has been aborted because of either a thread exit or an application request..
 ---> System.Net.Sockets.SocketException (995): The I/O operation has been aborted because of either a thread exit or an application request.
   --- End of inner exception stack trace ---
   at System.Net.Sockets.Socket.AwaitableSocketAsyncEventArgs.System.Threading.Tasks.Sources.IValueTaskSource<System.Int32>.GetResult(Int16 token)
   at System.Net.Security.SslStream.EnsureFullTlsFrameAsync[TIOAdapter](CancellationToken cancellationToken, Int32 estimatedSize)
   at System.Runtime.CompilerServices.PoolingAsyncValueTaskMethodBuilder`1.StateMachineBox`1.System.Threading.Tasks.Sources.IValueTaskSource<TResult>.GetResult(Int16 token)
   at System.Net.Security.SslStream.ReadAsyncInternal[TIOAdapter](Memory`1 buffer, CancellationToken cancellationToken)
   at System.Runtime.CompilerServices.PoolingAsyncValueTaskMethodBuilder`1.StateMachineBox`1.System.Threading.Tasks.Sources.IValueTaskSource<TResult>.GetResult(Int16 token)
   at System.Net.Http.HttpConnection.InitialFillAsync(Boolean async)
   at System.Net.Http.HttpConnection.SendAsync(HttpRequestMessage request, Boolean async, CancellationToken cancellationToken)
   --- End of inner exception stack trace ---
   at System.Net.Http.HttpConnection.SendAsync(HttpRequestMessage request, Boolean async, CancellationToken cancellationToken)
   at System.Net.Http.AuthenticationHelper.SendWithNtAuthAsync(HttpRequestMessage request, Uri authUri, Boolean async, ICredentials credentials, Boolean isProxyAuth, HttpConnection connection, HttpConnectionPool connectionPool, CancellationToken cancellationToken)
   at System.Net.Http.HttpConnectionPool.SendWithVersionDetectionAndRetryAsync(HttpRequestMessage request, Boolean async, Boolean doRequestAuth, CancellationToken cancellationToken)
   at System.Net.Http.AuthenticationHelper.SendWithAuthAsync(HttpRequestMessage request, Uri authUri, Boolean async, ICredentials credentials, Boolean preAuthenticate, Boolean isProxyAuth, Boolean doRequestAuth, HttpConnectionPool pool, CancellationToken cancellationToken)
   at System.Net.Http.RedirectHandler.SendAsync(HttpRequestMessage request, Boolean async, CancellationToken cancellationToken)
   at GitHub.Services.Common.RawHttpMessageHandler.SendAsync(HttpRequestMessage request, CancellationToken cancellationToken)
   at GitHub.Services.Common.VssHttpRetryMessageHandler.SendAsync(HttpRequestMessage request, CancellationToken cancellationToken)
   at System.Net.Http.HttpClient.<SendAsync>g__Core|83_0(HttpRequestMessage request, HttpCompletionOption completionOption, CancellationTokenSource cts, Boolean disposeCts, CancellationTokenSource pendingRequestsCts, CancellationToken originalCancellationToken)
   --- End of inner exception stack trace ---
   at System.Net.Http.HttpClient.HandleFailure(Exception e, Boolean telemetryStarted, HttpResponseMessage response, CancellationTokenSource cts, CancellationToken cancellationToken, CancellationTokenSource pendingRequestsCts)
   at System.Net.Http.HttpClient.<SendAsync>g__Core|83_0(HttpRequestMessage request, HttpCompletionOption completionOption, CancellationTokenSource cts, Boolean disposeCts, CancellationTokenSource pendingRequestsCts, CancellationToken originalCancellationToken)
   at Sdk.WebApi.WebApi.RawHttpClientBase.SendAsync(HttpRequestMessage message, HttpCompletionOption completionOption, Object userState, CancellationToken cancellationToken)
   at Sdk.WebApi.WebApi.RawHttpClientBase.SendAsync[T](HttpRequestMessage message, Boolean readErrorBody, Object userState, CancellationToken cancellationToken)
   at Sdk.WebApi.WebApi.RawHttpClientBase.SendAsync[T](HttpMethod method, IEnumerable`1 additionalHeaders, Uri requestUri, HttpContent content, IEnumerable`1 queryParameters, Boolean readErrorBody, Object userState, CancellationToken cancellationToken)
   at GitHub.Actions.RunService.WebApi.BrokerHttpClient.GetRunnerMessageAsync(Nullable`1 sessionId, String runnerVersion, Nullable`1 status, String os, String architecture, Nullable`1 disableUpdate, CancellationToken cancellationToken)
   at GitHub.Runner.Common.BrokerServer.<>c__DisplayClass7_0.<<GetRunnerMessageAsync>b__0>d.MoveNext()
--- End of stack trace from previous location ---
   at GitHub.Runner.Common.RunnerService.RetryRequest[T](Func`1 func, CancellationToken cancellationToken, Int32 maxAttempts, Func`2 shouldRetry)
[2025-11-14 12:50:01Z ERR  BrokerServer] #####################################################
[2025-11-14 12:50:01Z ERR  BrokerServer] System.Threading.Tasks.TaskCanceledException: The operation was canceled.
 ---> System.IO.IOException: Unable to read data from the transport connection: The I/O operation has been aborted because of either a thread exit or an application request..
 ---> System.Net.Sockets.SocketException (995): The I/O operation has been aborted because of either a thread exit or an application request.
   --- End of inner exception stack trace ---
   at System.Net.Sockets.Socket.AwaitableSocketAsyncEventArgs.System.Threading.Tasks.Sources.IValueTaskSource<System.Int32>.GetResult(Int16 token)
   at System.Net.Security.SslStream.EnsureFullTlsFrameAsync[TIOAdapter](CancellationToken cancellationToken, Int32 estimatedSize)
   at System.Runtime.CompilerServices.PoolingAsyncValueTaskMethodBuilder`1.StateMachineBox`1.System.Threading.Tasks.Sources.IValueTaskSource<TResult>.GetResult(Int16 token)
   at System.Net.Security.SslStream.ReadAsyncInternal[TIOAdapter](Memory`1 buffer, CancellationToken cancellationToken)
   at System.Runtime.CompilerServices.PoolingAsyncValueTaskMethodBuilder`1.StateMachineBox`1.System.Threading.Tasks.Sources.IValueTaskSource<TResult>.GetResult(Int16 token)
   at System.Net.Http.HttpConnection.InitialFillAsync(Boolean async)
   at System.Net.Http.HttpConnection.SendAsync(HttpRequestMessage request, Boolean async, CancellationToken cancellationToken)
   --- End of inner exception stack trace ---
   at System.Net.Http.HttpConnection.SendAsync(HttpRequestMessage request, Boolean async, CancellationToken cancellationToken)
   at System.Net.Http.AuthenticationHelper.SendWithNtAuthAsync(HttpRequestMessage request, Uri authUri, Boolean async, ICredentials credentials, Boolean isProxyAuth, HttpConnection connection, HttpConnectionPool connectionPool, CancellationToken cancellationToken)
   at System.Net.Http.HttpConnectionPool.SendWithVersionDetectionAndRetryAsync(HttpRequestMessage request, Boolean async, Boolean doRequestAuth, CancellationToken cancellationToken)
   at System.Net.Http.AuthenticationHelper.SendWithAuthAsync(HttpRequestMessage request, Uri authUri, Boolean async, ICredentials credentials, Boolean preAuthenticate, Boolean isProxyAuth, Boolean doRequestAuth, HttpConnectionPool pool, CancellationToken cancellationToken)
   at System.Net.Http.RedirectHandler.SendAsync(HttpRequestMessage request, Boolean async, CancellationToken cancellationToken)
   at GitHub.Services.Common.RawHttpMessageHandler.SendAsync(HttpRequestMessage request, CancellationToken cancellationToken)
   at GitHub.Services.Common.VssHttpRetryMessageHandler.SendAsync(HttpRequestMessage request, CancellationToken cancellationToken)
   at System.Net.Http.HttpClient.<SendAsync>g__Core|83_0(HttpRequestMessage request, HttpCompletionOption completionOption, CancellationTokenSource cts, Boolean disposeCts, CancellationTokenSource pendingRequestsCts, CancellationToken originalCancellationToken)
[2025-11-14 12:50:01Z ERR  BrokerServer] #####################################################
[2025-11-14 12:50:01Z ERR  BrokerServer] System.IO.IOException: Unable to read data from the transport connection: The I/O operation has been aborted because of either a thread exit or an application request..
 ---> System.Net.Sockets.SocketException (995): The I/O operation has been aborted because of either a thread exit or an application request.
   --- End of inner exception stack trace ---
   at System.Net.Sockets.Socket.AwaitableSocketAsyncEventArgs.System.Threading.Tasks.Sources.IValueTaskSource<System.Int32>.GetResult(Int16 token)
   at System.Net.Security.SslStream.EnsureFullTlsFrameAsync[TIOAdapter](CancellationToken cancellationToken, Int32 estimatedSize)
   at System.Runtime.CompilerServices.PoolingAsyncValueTaskMethodBuilder`1.StateMachineBox`1.System.Threading.Tasks.Sources.IValueTaskSource<TResult>.GetResult(Int16 token)
   at System.Net.Security.SslStream.ReadAsyncInternal[TIOAdapter](Memory`1 buffer, CancellationToken cancellationToken)
   at System.Runtime.CompilerServices.PoolingAsyncValueTaskMethodBuilder`1.StateMachineBox`1.System.Threading.Tasks.Sources.IValueTaskSource<TResult>.GetResult(Int16 token)
   at System.Net.Http.HttpConnection.InitialFillAsync(Boolean async)
   at System.Net.Http.HttpConnection.SendAsync(HttpRequestMessage request, Boolean async, CancellationToken cancellationToken)
[2025-11-14 12:50:01Z ERR  BrokerServer] #####################################################
[2025-11-14 12:50:01Z ERR  BrokerServer] System.Net.Sockets.SocketException (995): The I/O operation has been aborted because of either a thread exit or an application request.
[2025-11-14 12:50:01Z WARN BrokerServer] Back off 14.973 seconds before next retry. 4 attempt left.
[2025-11-14 12:50:01Z INFO BrokerMessageListener] Get next message has been cancelled.
[2025-11-14 12:50:01Z INFO JobDispatcher] Shutting down JobDispatcher. Make sure all WorkerDispatcher has finished.
[2025-11-14 12:50:01Z INFO JobDispatcher] Ensure WorkerDispatcher for job 54195935-1765-50a6-b0ea-4bd94ea35200 run to finish, cancel any running job.
[2025-11-14 12:50:01Z INFO JobDispatcher] Job request 54195935-1765-50a6-b0ea-4bd94ea35200 processed succeed.
[2025-11-14 12:50:01Z INFO Runner] Deleting Runner Session...
[2025-11-14 12:50:02Z INFO Listener] Runner execution been cancelled.
