[2025-11-14 13:17:57Z INFO HostContext] No proxy settings were found based on environmental variables (http_proxy/https_proxy/HTTP_PROXY/HTTPS_PROXY)
[2025-11-14 13:17:57Z INFO HostContext] Well known directory 'Bin': 'C:\Projects\unity-build-pipeline\actions-runner\bin'
[2025-11-14 13:17:57Z INFO HostContext] Well known directory 'Root': 'C:\Projects\unity-build-pipeline\actions-runner'
[2025-11-14 13:17:57Z INFO HostContext] Well known config file 'Credentials': 'C:\Projects\unity-build-pipeline\actions-runner\.credentials'
[2025-11-14 13:17:57Z INFO HostContext] Well known directory 'Bin': 'C:\Projects\unity-build-pipeline\actions-runner\bin'
[2025-11-14 13:17:57Z INFO HostContext] Well known directory 'Root': 'C:\Projects\unity-build-pipeline\actions-runner'
[2025-11-14 13:17:57Z INFO HostContext] Well known config file 'Runner': 'C:\Projects\unity-build-pipeline\actions-runner\.runner'
[2025-11-14 13:17:57Z INFO Listener] Runner is built for Windows (X64) - win-x64.
[2025-11-14 13:17:57Z INFO Listener] RuntimeInformation: Microsoft Windows 10.0.26100.
[2025-11-14 13:17:57Z INFO Listener] Version: 2.329.0
[2025-11-14 13:17:57Z INFO Listener] Commit: c76c59996c8fa32e989164a5a695efb12608ae5a
[2025-11-14 13:17:57Z INFO Listener] Culture: en-PK
[2025-11-14 13:17:57Z INFO Listener] UI Culture: en-US
[2025-11-14 13:17:57Z INFO HostContext] Well known directory 'Bin': 'C:\Projects\unity-build-pipeline\actions-runner\bin'
[2025-11-14 13:17:57Z INFO HostContext] Well known directory 'Root': 'C:\Projects\unity-build-pipeline\actions-runner'
[2025-11-14 13:17:57Z INFO Listener] Validating directory permissions for: 'C:\Projects\unity-build-pipeline\actions-runner'
[2025-11-14 13:17:57Z INFO CommandLineParser] Parse
[2025-11-14 13:17:57Z INFO CommandLineParser] Parsing 1 args
[2025-11-14 13:17:57Z INFO CommandLineParser] parsing argument
[2025-11-14 13:17:57Z INFO CommandLineParser] HasArgs: False
[2025-11-14 13:17:57Z INFO CommandLineParser] Adding Command: configure
[2025-11-14 13:17:57Z INFO Listener] Arguments parsed
[2025-11-14 13:17:57Z INFO Runner] ExecuteCommand
[2025-11-14 13:17:57Z INFO ConfigurationStore] currentAssemblyLocation: C:\Projects\unity-build-pipeline\actions-runner\bin\Runner.Listener.dll
[2025-11-14 13:17:57Z INFO HostContext] Well known directory 'Bin': 'C:\Projects\unity-build-pipeline\actions-runner\bin'
[2025-11-14 13:17:57Z INFO ConfigurationStore] binPath: C:\Projects\unity-build-pipeline\actions-runner\bin
[2025-11-14 13:17:57Z INFO HostContext] Well known directory 'Bin': 'C:\Projects\unity-build-pipeline\actions-runner\bin'
[2025-11-14 13:17:57Z INFO HostContext] Well known directory 'Root': 'C:\Projects\unity-build-pipeline\actions-runner'
[2025-11-14 13:17:57Z INFO ConfigurationStore] RootFolder: C:\Projects\unity-build-pipeline\actions-runner
[2025-11-14 13:17:57Z INFO HostContext] Well known directory 'Bin': 'C:\Projects\unity-build-pipeline\actions-runner\bin'
[2025-11-14 13:17:57Z INFO HostContext] Well known directory 'Root': 'C:\Projects\unity-build-pipeline\actions-runner'
[2025-11-14 13:17:57Z INFO HostContext] Well known config file 'Runner': 'C:\Projects\unity-build-pipeline\actions-runner\.runner'
[2025-11-14 13:17:57Z INFO ConfigurationStore] ConfigFilePath: C:\Projects\unity-build-pipeline\actions-runner\.runner
[2025-11-14 13:17:57Z INFO HostContext] Well known directory 'Bin': 'C:\Projects\unity-build-pipeline\actions-runner\bin'
[2025-11-14 13:17:57Z INFO HostContext] Well known directory 'Root': 'C:\Projects\unity-build-pipeline\actions-runner'
[2025-11-14 13:17:57Z INFO HostContext] Well known config file 'MigratedRunner': 'C:\Projects\unity-build-pipeline\actions-runner\.runner_migrated'
[2025-11-14 13:17:57Z INFO ConfigurationStore] MigratedConfigFilePath: C:\Projects\unity-build-pipeline\actions-runner\.runner_migrated
[2025-11-14 13:17:57Z INFO HostContext] Well known directory 'Bin': 'C:\Projects\unity-build-pipeline\actions-runner\bin'
[2025-11-14 13:17:57Z INFO HostContext] Well known directory 'Root': 'C:\Projects\unity-build-pipeline\actions-runner'
[2025-11-14 13:17:57Z INFO HostContext] Well known config file 'Credentials': 'C:\Projects\unity-build-pipeline\actions-runner\.credentials'
[2025-11-14 13:17:57Z INFO ConfigurationStore] CredFilePath: C:\Projects\unity-build-pipeline\actions-runner\.credentials
[2025-11-14 13:17:57Z INFO HostContext] Well known directory 'Bin': 'C:\Projects\unity-build-pipeline\actions-runner\bin'
[2025-11-14 13:17:57Z INFO HostContext] Well known directory 'Root': 'C:\Projects\unity-build-pipeline\actions-runner'
[2025-11-14 13:17:57Z INFO HostContext] Well known config file 'MigratedCredentials': 'C:\Projects\unity-build-pipeline\actions-runner\.credentials_migrated'
[2025-11-14 13:17:57Z INFO ConfigurationStore] MigratedCredFilePath: C:\Projects\unity-build-pipeline\actions-runner\.credentials_migrated
[2025-11-14 13:17:57Z INFO HostContext] Well known directory 'Bin': 'C:\Projects\unity-build-pipeline\actions-runner\bin'
[2025-11-14 13:17:57Z INFO HostContext] Well known directory 'Root': 'C:\Projects\unity-build-pipeline\actions-runner'
[2025-11-14 13:17:57Z INFO HostContext] Well known config file 'Service': 'C:\Projects\unity-build-pipeline\actions-runner\.service'
[2025-11-14 13:17:57Z INFO ConfigurationStore] ServiceConfigFilePath: C:\Projects\unity-build-pipeline\actions-runner\.service
[2025-11-14 13:17:57Z INFO CommandSettings] Flag 'help': 'False'
[2025-11-14 13:17:57Z INFO CommandSettings] Flag 'version': 'False'
[2025-11-14 13:17:57Z INFO CommandSettings] Flag 'commit': 'False'
[2025-11-14 13:17:57Z INFO CommandSettings] Flag 'check': 'False'
[2025-11-14 13:17:57Z INFO CommandSettings] Command 'configure': 'True'
[2025-11-14 13:17:57Z INFO Terminal] WRITE LINE: 
[2025-11-14 13:17:57Z INFO Terminal] WRITE LINE: --------------------------------------------------------------------------------
[2025-11-14 13:17:57Z INFO Terminal] WRITE LINE: |        ____ _ _   _   _       _          _        _   _                      |
[2025-11-14 13:17:57Z INFO Terminal] WRITE LINE: |       / ___(_) |_| | | |_   _| |__      / \   ___| |_(_) ___  _ __  ___      |
[2025-11-14 13:17:57Z INFO Terminal] WRITE LINE: |      | |  _| | __| |_| | | | | '_ \    / _ \ / __| __| |/ _ \| '_ \/ __|     |
[2025-11-14 13:17:57Z INFO Terminal] WRITE LINE: |      | |_| | | |_|  _  | |_| | |_) |  / ___ \ (__| |_| | (_) | | | \__ \     |
[2025-11-14 13:17:57Z INFO Terminal] WRITE LINE: |       \____|_|\__|_| |_|\__,_|_.__/  /_/   \_\___|\__|_|\___/|_| |_|___/     |
[2025-11-14 13:17:57Z INFO Terminal] WRITE LINE: |                                                                              |
[2025-11-14 13:17:57Z INFO Terminal] WRITE: |                       
[2025-11-14 13:17:57Z INFO Terminal] WRITE: Self-hosted runner registration
[2025-11-14 13:17:57Z INFO Terminal] WRITE LINE:                         |
[2025-11-14 13:17:57Z INFO Terminal] WRITE LINE: |                                                                              |
[2025-11-14 13:17:57Z INFO Terminal] WRITE LINE: --------------------------------------------------------------------------------
[2025-11-14 13:17:57Z INFO ConfigurationManager] ConfigureAsync
[2025-11-14 13:17:57Z INFO CommandSettings] Flag 'generateServiceConfig': 'False'
[2025-11-14 13:17:57Z INFO ConfigurationStore] IsConfigured()
[2025-11-14 13:17:57Z INFO ConfigurationStore] IsConfigured: False
[2025-11-14 13:17:57Z INFO ConfigurationManager] Is configured: False
[2025-11-14 13:17:57Z INFO CommandSettings] Arg 'url': ''
[2025-11-14 13:17:57Z INFO CommandSettings] Flag 'unattended': 'False'
[2025-11-14 13:17:57Z INFO PromptManager] ReadValue
[2025-11-14 13:17:57Z INFO Terminal] WRITE: What is the URL of your repository? 
[2025-11-14 13:17:57Z INFO Terminal] READ LINE
[2025-11-14 13:18:14Z INFO Terminal] Read value: 'https://github.com/AliAhmad1600/unity-build-pipeline'
[2025-11-14 13:18:14Z INFO CommandSettings] Arg 'token': ''
[2025-11-14 13:18:14Z INFO CommandSettings] Flag 'unattended': 'False'
[2025-11-14 13:18:14Z INFO PromptManager] ReadValue
[2025-11-14 13:18:14Z INFO Terminal] WRITE: What is your runner register token? 
[2025-11-14 13:18:14Z INFO Terminal] READ SECRET
[2025-11-14 13:18:22Z INFO Terminal] Read value: '***'
[2025-11-14 13:18:23Z INFO ConfigurationManager] Http response code: OK from 'POST https://api.github.com/actions/runner-registration' (F07D:4505B:31EB20:36B324:69172C20)
[2025-11-14 13:18:23Z INFO ConfigurationManager] Using runner-admin flow: False
[2025-11-14 13:18:23Z INFO ConfigurationManager] cred retrieved via GitHub auth
[2025-11-14 13:18:23Z INFO RunnerServer] EstablishVssConnection
[2025-11-14 13:18:23Z INFO RunnerServer] Establish connection with 100 seconds timeout.
[2025-11-14 13:18:23Z INFO GitHubActionsService] Starting operation Location.GetConnectionData
[2025-11-14 13:18:23Z INFO RunnerServer] EstablishVssConnection
[2025-11-14 13:18:23Z INFO RunnerServer] Establish connection with 60 seconds timeout.
[2025-11-14 13:18:23Z INFO GitHubActionsService] Starting operation Location.GetConnectionData
[2025-11-14 13:18:23Z INFO RunnerServer] EstablishVssConnection
[2025-11-14 13:18:23Z INFO RunnerServer] Establish connection with 60 seconds timeout.
[2025-11-14 13:18:23Z INFO GitHubActionsService] Starting operation Location.GetConnectionData
[2025-11-14 13:18:24Z INFO GitHubActionsService] Finished operation Location.GetConnectionData
[2025-11-14 13:18:24Z INFO GitHubActionsService] Finished operation Location.GetConnectionData
[2025-11-14 13:18:24Z INFO GitHubActionsService] Finished operation Location.GetConnectionData
[2025-11-14 13:18:24Z INFO Terminal] WRITE LINE: 
[2025-11-14 13:18:24Z INFO ConfigurationManager] Test Connection complete.
[2025-11-14 13:18:24Z INFO HostContext] Well known directory 'Bin': 'C:\Projects\unity-build-pipeline\actions-runner\bin'
[2025-11-14 13:18:24Z INFO HostContext] Well known directory 'Root': 'C:\Projects\unity-build-pipeline\actions-runner'
[2025-11-14 13:18:24Z INFO HostContext] Well known config file 'RSACredentials': 'C:\Projects\unity-build-pipeline\actions-runner\.credentials_rsaparams'
[2025-11-14 13:18:24Z INFO RSAEncryptedFileKeyManager] Creating new RSA key using 2048-bit key length
[2025-11-14 13:18:24Z INFO RSAEncryptedFileKeyManager] Successfully saved RSA key parameters to file C:\Projects\unity-build-pipeline\actions-runner\.credentials_rsaparams
[2025-11-14 13:18:25Z INFO CommandSettings] Arg 'runnergroup': ''
[2025-11-14 13:18:25Z INFO CommandSettings] Flag 'unattended': 'False'
[2025-11-14 13:18:25Z INFO PromptManager] ReadValue
[2025-11-14 13:18:25Z INFO Terminal] WRITE: Enter the name of the runner group to add this runner to: 
[2025-11-14 13:18:25Z INFO Terminal] WRITE: [press Enter for Default] 
[2025-11-14 13:18:25Z INFO Terminal] READ LINE
[2025-11-14 13:18:28Z INFO Terminal] Read value: ''
[2025-11-14 13:18:28Z INFO PromptManager] Falling back to the default: 'Default'
[2025-11-14 13:18:28Z INFO Terminal] WRITE LINE: 
[2025-11-14 13:18:28Z INFO ConfigurationManager] Found a self-hosted runner group with id 1 and name Default
[2025-11-14 13:18:28Z INFO CommandSettings] Flag 'disableupdate': 'False'
[2025-11-14 13:18:28Z INFO CommandSettings] Flag 'ephemeral': 'False'
[2025-11-14 13:18:28Z INFO CommandSettings] Arg 'name': ''
[2025-11-14 13:18:28Z INFO CommandSettings] Flag 'unattended': 'False'
[2025-11-14 13:18:28Z INFO PromptManager] ReadValue
[2025-11-14 13:18:28Z INFO Terminal] WRITE: Enter the name of runner: 
[2025-11-14 13:18:28Z INFO Terminal] WRITE: [press Enter for ARC] 
[2025-11-14 13:18:28Z INFO Terminal] READ LINE
[2025-11-14 13:18:29Z INFO Terminal] Read value: ''
[2025-11-14 13:18:29Z INFO PromptManager] Falling back to the default: 'ARC'
[2025-11-14 13:18:29Z INFO Terminal] WRITE LINE: 
[2025-11-14 13:18:29Z INFO CommandSettings] Arg 'labels': ''
[2025-11-14 13:18:29Z INFO CommandSettings] Flag 'unattended': 'False'
[2025-11-14 13:18:29Z INFO PromptManager] ReadValue
[2025-11-14 13:18:29Z INFO Terminal] WRITE: This runner will have the following labels: 'self-hosted', 'Windows', 'X64' 
Enter any additional labels (ex. label-1,label-2): 
[2025-11-14 13:18:29Z INFO Terminal] WRITE: [press Enter to skip] 
[2025-11-14 13:18:29Z INFO Terminal] READ LINE
[2025-11-14 13:18:33Z INFO Terminal] Read value: ''
[2025-11-14 13:18:33Z INFO Terminal] WRITE LINE: 
[2025-11-14 13:18:33Z INFO CommandSettings] Flag 'disableupdate': 'False'
[2025-11-14 13:18:33Z INFO CommandSettings] Flag 'no-default-labels': 'False'
[2025-11-14 13:18:34Z INFO CommandSettings] Flag 'disableupdate': 'False'
[2025-11-14 13:18:34Z INFO CommandSettings] Flag 'ephemeral': 'False'
[2025-11-14 13:18:34Z INFO ConfigurationStore] Saving OAuth credential @ C:\Projects\unity-build-pipeline\actions-runner\.credentials
[2025-11-14 13:18:34Z INFO ConfigurationStore] Credentials Saved.
[2025-11-14 13:18:34Z INFO ConfigurationManager] Service enforced serverUrlV2: https://broker.actions.githubusercontent.com/
[2025-11-14 13:18:34Z INFO ConfigurationManager] Service enforced useV2Flow: True
[2025-11-14 13:18:34Z INFO CommandSettings] Arg 'work': ''
[2025-11-14 13:18:34Z INFO CommandSettings] Flag 'unattended': 'False'
[2025-11-14 13:18:34Z INFO PromptManager] ReadValue
[2025-11-14 13:18:34Z INFO Terminal] WRITE: Enter name of work folder: 
[2025-11-14 13:18:34Z INFO Terminal] WRITE: [press Enter for _work] 
[2025-11-14 13:18:34Z INFO Terminal] READ LINE
[2025-11-14 13:18:37Z INFO Terminal] Read value: ''
[2025-11-14 13:18:37Z INFO PromptManager] Falling back to the default: '_work'
[2025-11-14 13:18:37Z INFO ConfigurationStore] Saving runner settings.
[2025-11-14 13:18:37Z INFO ConfigurationStore] Settings Saved.
[2025-11-14 13:18:37Z INFO Terminal] WRITE LINE: 
[2025-11-14 13:18:37Z INFO Terminal] WRITE LINE: 
[2025-11-14 13:18:37Z INFO CommandSettings] Flag 'runasservice': 'False'
[2025-11-14 13:18:37Z INFO CommandSettings] Flag 'unattended': 'False'
[2025-11-14 13:18:37Z INFO PromptManager] ReadValue
[2025-11-14 13:18:37Z INFO Terminal] WRITE: Would you like to run the runner as service? (Y/N) 
[2025-11-14 13:18:37Z INFO Terminal] WRITE: [press Enter for N] 
[2025-11-14 13:18:37Z INFO Terminal] READ LINE
[2025-11-14 13:18:39Z INFO Terminal] Read value: 'Y'
[2025-11-14 13:18:39Z INFO ConfigurationManager] Configuring to run the agent as service
[2025-11-14 13:18:39Z INFO CommandSettings] Arg 'windowslogonaccount': ''
[2025-11-14 13:18:39Z INFO CommandSettings] Flag 'unattended': 'False'
[2025-11-14 13:18:39Z INFO PromptManager] ReadValue
[2025-11-14 13:18:39Z INFO Terminal] WRITE: User account to use for the service 
[2025-11-14 13:18:39Z INFO Terminal] WRITE: [press Enter for NT AUTHORITY\NETWORK SERVICE] 
[2025-11-14 13:18:39Z INFO Terminal] READ LINE
[2025-11-14 13:18:47Z INFO Terminal] Read value: ''
[2025-11-14 13:18:47Z INFO PromptManager] Falling back to the default: 'NT AUTHORITY\NETWORK SERVICE'
[2025-11-14 13:18:47Z INFO WindowsServiceControlManager] LogonAccount after transforming: NT AUTHORITY\NETWORK SERVICE, user: NETWORK SERVICE, domain: NT AUTHORITY
[2025-11-14 13:18:47Z INFO WindowsServiceControlManager] Service name 'actions.runner.AliAhmad1600-unity-build-pipeline.ARC' display name 'GitHub Actions Runner (AliAhmad1600-unity-build-pipeline.ARC)' will be used for service configuration.
[2025-11-14 13:18:47Z INFO WindowsServiceControlManager] Verifying if the account has LogonAsService permission
[2025-11-14 13:18:47Z INFO NativeWindowsServiceHelper] Successfully grant logon as service privilege to account 'NETWORK SERVICE'
[2025-11-14 13:18:47Z INFO WindowsServiceControlManager] Create local group and grant folder permission to service logon account.
[2025-11-14 13:18:47Z INFO HostContext] Well known directory 'Bin': 'C:\Projects\unity-build-pipeline\actions-runner\bin'
[2025-11-14 13:18:47Z INFO HostContext] Well known directory 'Root': 'C:\Projects\unity-build-pipeline\actions-runner'
[2025-11-14 13:18:47Z INFO ConfigurationStore] Read setting file: 401 chars
[2025-11-14 13:18:48Z INFO HostContext] Well known directory 'Bin': 'C:\Projects\unity-build-pipeline\actions-runner\bin'
[2025-11-14 13:18:48Z INFO HostContext] Well known directory 'Root': 'C:\Projects\unity-build-pipeline\actions-runner'
[2025-11-14 13:18:48Z INFO HostContext] Well known directory 'Work': 'C:\Projects\unity-build-pipeline\actions-runner\_work'
[2025-11-14 13:18:48Z INFO HostContext] Well known directory 'Bin': 'C:\Projects\unity-build-pipeline\actions-runner\bin'
[2025-11-14 13:18:48Z INFO NativeWindowsServiceHelper] Calculated unique group name GITHUB_ActionsRunner_Gf35db
[2025-11-14 13:18:48Z INFO NativeWindowsServiceHelper] Trying to create group GITHUB_ActionsRunner_Gf35db
[2025-11-14 13:18:48Z INFO NativeWindowsServiceHelper] Local Group 'GITHUB_ActionsRunner_Gf35db' created
[2025-11-14 13:18:48Z INFO NativeWindowsServiceHelper] Trying to add userName NT AUTHORITY\NETWORK SERVICE to the group GITHUB_ActionsRunner_Gf35db
[2025-11-14 13:18:48Z INFO NativeWindowsServiceHelper] Account 'NT AUTHORITY\NETWORK SERVICE' is added to local group 'GITHUB_ActionsRunner_Gf35db'.
[2025-11-14 13:18:48Z INFO NativeWindowsServiceHelper] Set full access control to group for the folder C:\Projects\unity-build-pipeline\actions-runner
[2025-11-14 13:18:48Z INFO NativeWindowsServiceHelper] Set full access control to group for the folder C:\Projects\unity-build-pipeline\actions-runner\_work
[2025-11-14 13:18:48Z INFO NativeWindowsServiceHelper] Local group 'GITHUB_ActionsRunner_Gf35db' already has full control to path 'C:\Projects\unity-build-pipeline\actions-runner\_work'.
[2025-11-14 13:18:48Z INFO Terminal] WRITE LINE: Granting file permissions to 'NT AUTHORITY\NETWORK SERVICE'.
[2025-11-14 13:18:48Z INFO HostContext] Well known directory 'Bin': 'C:\Projects\unity-build-pipeline\actions-runner\bin'
[2025-11-14 13:18:48Z INFO ProcessInvokerWrapper] Starting process:
[2025-11-14 13:18:48Z INFO ProcessInvokerWrapper]   File name: '"C:\Projects\unity-build-pipeline\actions-runner\bin\RunnerService.exe"'
[2025-11-14 13:18:48Z INFO ProcessInvokerWrapper]   Arguments: 'init'
[2025-11-14 13:18:48Z INFO ProcessInvokerWrapper]   Working directory: ''
[2025-11-14 13:18:48Z INFO ProcessInvokerWrapper]   Require exit code zero: 'True'
[2025-11-14 13:18:48Z INFO ProcessInvokerWrapper]   Encoding web name:  ; code page: ''
[2025-11-14 13:18:48Z INFO ProcessInvokerWrapper]   Force kill process on cancellation: 'False'
[2025-11-14 13:18:48Z INFO ProcessInvokerWrapper]   Redirected STDIN: 'False'
[2025-11-14 13:18:48Z INFO ProcessInvokerWrapper]   Persist current code page: 'False'
[2025-11-14 13:18:48Z INFO ProcessInvokerWrapper]   Keep redirected STDIN open: 'False'
[2025-11-14 13:18:48Z INFO ProcessInvokerWrapper]   High priority process: 'False'
[2025-11-14 13:18:48Z INFO ProcessInvokerWrapper] Process started with process id 22540, waiting for process exit.
[2025-11-14 13:18:48Z INFO ProcessInvokerWrapper] STDOUT/STDERR stream read finished.
[2025-11-14 13:18:48Z INFO ProcessInvokerWrapper] STDOUT/STDERR stream read finished.
[2025-11-14 13:18:48Z INFO ProcessInvokerWrapper] Finished process 22540 with exit code 0, and elapsed time 00:00:00.3301491.
[2025-11-14 13:18:48Z INFO Terminal] WRITE LINE: Service actions.runner.AliAhmad1600-unity-build-pipeline.ARC successfully installed
[2025-11-14 13:18:48Z INFO Terminal] WRITE LINE: Service actions.runner.AliAhmad1600-unity-build-pipeline.ARC successfully set recovery option
[2025-11-14 13:18:48Z INFO Terminal] WRITE LINE: Service actions.runner.AliAhmad1600-unity-build-pipeline.ARC successfully set to delayed auto start
[2025-11-14 13:18:48Z INFO Terminal] WRITE LINE: Service actions.runner.AliAhmad1600-unity-build-pipeline.ARC successfully configured
[2025-11-14 13:18:48Z INFO HostContext] Well known directory 'Bin': 'C:\Projects\unity-build-pipeline\actions-runner\bin'
[2025-11-14 13:18:48Z INFO HostContext] Well known directory 'Root': 'C:\Projects\unity-build-pipeline\actions-runner'
[2025-11-14 13:18:48Z INFO HostContext] Well known config file 'Service': 'C:\Projects\unity-build-pipeline\actions-runner\.service'
[2025-11-14 13:18:48Z INFO WindowsServiceControlManager] Configuration was successful, trying to start the service
[2025-11-14 13:18:48Z INFO Terminal] WRITE LINE: Waiting for service to start...
[2025-11-14 13:18:48Z INFO Terminal] WRITE LINE: Service actions.runner.AliAhmad1600-unity-build-pipeline.ARC started successfully
[2025-11-14 13:18:48Z INFO Listener] Runner execution has finished with return code 0
