[2025-11-11 12:55:48Z INFO HostContext] No proxy settings were found based on environmental variables (http_proxy/https_proxy/HTTP_PROXY/HTTPS_PROXY)
[2025-11-11 12:55:48Z INFO HostContext] Well known directory 'Bin': 'C:\Projects\unity-build-pipeline\actions-runner\bin'
[2025-11-11 12:55:48Z INFO HostContext] Well known directory 'Root': 'C:\Projects\unity-build-pipeline\actions-runner'
[2025-11-11 12:55:48Z INFO HostContext] Well known config file 'Credentials': 'C:\Projects\unity-build-pipeline\actions-runner\.credentials'
[2025-11-11 12:55:48Z INFO HostContext] Well known directory 'Bin': 'C:\Projects\unity-build-pipeline\actions-runner\bin'
[2025-11-11 12:55:48Z INFO HostContext] Well known directory 'Root': 'C:\Projects\unity-build-pipeline\actions-runner'
[2025-11-11 12:55:48Z INFO HostContext] Well known config file 'Runner': 'C:\Projects\unity-build-pipeline\actions-runner\.runner'
[2025-11-11 12:55:48Z INFO Listener] Runner is built for Windows (X64) - win-x64.
[2025-11-11 12:55:48Z INFO Listener] RuntimeInformation: Microsoft Windows 10.0.26100.
[2025-11-11 12:55:48Z INFO Listener] Version: 2.329.0
[2025-11-11 12:55:48Z INFO Listener] Commit: c76c59996c8fa32e989164a5a695efb12608ae5a
[2025-11-11 12:55:48Z INFO Listener] Culture: en-PK
[2025-11-11 12:55:48Z INFO Listener] UI Culture: en-US
[2025-11-11 12:55:48Z INFO HostContext] Well known directory 'Bin': 'C:\Projects\unity-build-pipeline\actions-runner\bin'
[2025-11-11 12:55:48Z INFO HostContext] Well known directory 'Root': 'C:\Projects\unity-build-pipeline\actions-runner'
[2025-11-11 12:55:48Z INFO Listener] Validating directory permissions for: 'C:\Projects\unity-build-pipeline\actions-runner'
[2025-11-11 12:55:48Z INFO CommandLineParser] Parse
[2025-11-11 12:55:48Z INFO CommandLineParser] Parsing 1 args
[2025-11-11 12:55:48Z INFO CommandLineParser] parsing argument
[2025-11-11 12:55:48Z INFO CommandLineParser] HasArgs: False
[2025-11-11 12:55:48Z INFO CommandLineParser] Adding Command: run
[2025-11-11 12:55:48Z INFO Listener] Arguments parsed
[2025-11-11 12:55:48Z INFO Runner] ExecuteCommand
[2025-11-11 12:55:48Z INFO ConfigurationStore] currentAssemblyLocation: C:\Projects\unity-build-pipeline\actions-runner\bin\Runner.Listener.dll
[2025-11-11 12:55:48Z INFO HostContext] Well known directory 'Bin': 'C:\Projects\unity-build-pipeline\actions-runner\bin'
[2025-11-11 12:55:48Z INFO ConfigurationStore] binPath: C:\Projects\unity-build-pipeline\actions-runner\bin
[2025-11-11 12:55:48Z INFO HostContext] Well known directory 'Bin': 'C:\Projects\unity-build-pipeline\actions-runner\bin'
[2025-11-11 12:55:48Z INFO HostContext] Well known directory 'Root': 'C:\Projects\unity-build-pipeline\actions-runner'
[2025-11-11 12:55:48Z INFO ConfigurationStore] RootFolder: C:\Projects\unity-build-pipeline\actions-runner
[2025-11-11 12:55:48Z INFO HostContext] Well known directory 'Bin': 'C:\Projects\unity-build-pipeline\actions-runner\bin'
[2025-11-11 12:55:48Z INFO HostContext] Well known directory 'Root': 'C:\Projects\unity-build-pipeline\actions-runner'
[2025-11-11 12:55:48Z INFO HostContext] Well known config file 'Runner': 'C:\Projects\unity-build-pipeline\actions-runner\.runner'
[2025-11-11 12:55:48Z INFO ConfigurationStore] ConfigFilePath: C:\Projects\unity-build-pipeline\actions-runner\.runner
[2025-11-11 12:55:48Z INFO HostContext] Well known directory 'Bin': 'C:\Projects\unity-build-pipeline\actions-runner\bin'
[2025-11-11 12:55:48Z INFO HostContext] Well known directory 'Root': 'C:\Projects\unity-build-pipeline\actions-runner'
[2025-11-11 12:55:48Z INFO HostContext] Well known config file 'MigratedRunner': 'C:\Projects\unity-build-pipeline\actions-runner\.runner_migrated'
[2025-11-11 12:55:48Z INFO ConfigurationStore] MigratedConfigFilePath: C:\Projects\unity-build-pipeline\actions-runner\.runner_migrated
[2025-11-11 12:55:48Z INFO HostContext] Well known directory 'Bin': 'C:\Projects\unity-build-pipeline\actions-runner\bin'
[2025-11-11 12:55:48Z INFO HostContext] Well known directory 'Root': 'C:\Projects\unity-build-pipeline\actions-runner'
[2025-11-11 12:55:48Z INFO HostContext] Well known config file 'Credentials': 'C:\Projects\unity-build-pipeline\actions-runner\.credentials'
[2025-11-11 12:55:48Z INFO ConfigurationStore] CredFilePath: C:\Projects\unity-build-pipeline\actions-runner\.credentials
[2025-11-11 12:55:48Z INFO HostContext] Well known directory 'Bin': 'C:\Projects\unity-build-pipeline\actions-runner\bin'
[2025-11-11 12:55:48Z INFO HostContext] Well known directory 'Root': 'C:\Projects\unity-build-pipeline\actions-runner'
[2025-11-11 12:55:48Z INFO HostContext] Well known config file 'MigratedCredentials': 'C:\Projects\unity-build-pipeline\actions-runner\.credentials_migrated'
[2025-11-11 12:55:48Z INFO ConfigurationStore] MigratedCredFilePath: C:\Projects\unity-build-pipeline\actions-runner\.credentials_migrated
[2025-11-11 12:55:48Z INFO HostContext] Well known directory 'Bin': 'C:\Projects\unity-build-pipeline\actions-runner\bin'
[2025-11-11 12:55:48Z INFO HostContext] Well known directory 'Root': 'C:\Projects\unity-build-pipeline\actions-runner'
[2025-11-11 12:55:48Z INFO HostContext] Well known config file 'Service': 'C:\Projects\unity-build-pipeline\actions-runner\.service'
[2025-11-11 12:55:48Z INFO ConfigurationStore] ServiceConfigFilePath: C:\Projects\unity-build-pipeline\actions-runner\.service
[2025-11-11 12:55:48Z INFO CommandSettings] Flag 'help': 'False'
[2025-11-11 12:55:48Z INFO CommandSettings] Flag 'version': 'False'
[2025-11-11 12:55:48Z INFO CommandSettings] Flag 'commit': 'False'
[2025-11-11 12:55:48Z INFO CommandSettings] Flag 'check': 'False'
[2025-11-11 12:55:48Z INFO CommandSettings] Command 'configure': 'False'
[2025-11-11 12:55:48Z INFO CommandSettings] Command 'remove': 'False'
[2025-11-11 12:55:48Z INFO CommandSettings] Command 'warmup': 'False'
[2025-11-11 12:55:48Z INFO ConfigurationManager] LoadSettings
[2025-11-11 12:55:48Z INFO ConfigurationStore] IsConfigured()
[2025-11-11 12:55:48Z INFO ConfigurationStore] IsConfigured: True
[2025-11-11 12:55:48Z INFO ConfigurationManager] Is configured: True
[2025-11-11 12:55:48Z INFO ConfigurationStore] Read setting file: 400 chars
[2025-11-11 12:55:48Z INFO ConfigurationManager] Settings Loaded
[2025-11-11 12:55:48Z INFO ConfigurationStore] IsServiceConfigured()
[2025-11-11 12:55:48Z INFO ConfigurationStore] IsServiceConfigured: False
[2025-11-11 12:55:48Z INFO CommandSettings] Command 'run': 'True'
[2025-11-11 12:55:48Z INFO ConfigurationStore] IsConfigured()
[2025-11-11 12:55:48Z INFO ConfigurationStore] IsConfigured: True
[2025-11-11 12:55:48Z INFO ConfigurationManager] Is configured: True
[2025-11-11 12:55:48Z INFO Runner] Could not parse the argument value '' for StartupType. Defaulting to Manual
[2025-11-11 12:55:48Z INFO Runner] Set runner startup type - Manual
[2025-11-11 12:55:48Z INFO CommandSettings] Flag 'once': 'False'
[2025-11-11 12:55:48Z INFO CommandSettings] Flag 'once': 'False'
[2025-11-11 12:55:48Z INFO Runner] RunAsync
[2025-11-11 12:55:48Z INFO ConfigurationManager] LoadMigratedSettings
[2025-11-11 12:55:48Z INFO ConfigurationStore] IsMigratedConfigured()
[2025-11-11 12:55:48Z INFO ConfigurationStore] IsMigratedConfigured: False
[2025-11-11 12:55:48Z INFO Runner] Failed to load migrated settings: No migrated configuration found.
[2025-11-11 12:55:48Z INFO Runner] Falling back to original .runner settings
[2025-11-11 12:55:48Z INFO Runner] Using BrokerMessageListener
[2025-11-11 12:55:48Z INFO BrokerMessageListener] Using provided settings
[2025-11-11 12:55:48Z INFO BrokerMessageListener] {
  "AgentId": 2,
  "AgentName": "ARC",
  "PoolId": 1,
  "PoolName": "Default",
  "ServerUrl": "https://pipelinesghubeus15.actions.githubusercontent.com/vSVftLgodSJ2diePV08cjkEtdQyiOueGsCbkZNPWZuZoHP3cDj/",
  "GitHubUrl": "https://github.com/AliAhmad1600/unity-build-pipeline",
  "WorkFolder": "_work",
  "UseV2Flow": true,
  "ServerUrlV2": "https://broker.actions.githubusercontent.com/"
}
[2025-11-11 12:55:48Z INFO BrokerMessageListener] Loading Credentials
[2025-11-11 12:55:48Z INFO ConfigurationStore] HasCredentials()
[2025-11-11 12:55:48Z INFO ConfigurationStore] stored True
[2025-11-11 12:55:48Z INFO CredentialManager] GetCredentialProvider
[2025-11-11 12:55:48Z INFO CredentialManager] Creating type OAuth
[2025-11-11 12:55:48Z INFO CredentialManager] Creating credential type: OAuth
[2025-11-11 12:55:48Z INFO HostContext] Well known directory 'Bin': 'C:\Projects\unity-build-pipeline\actions-runner\bin'
[2025-11-11 12:55:48Z INFO HostContext] Well known directory 'Root': 'C:\Projects\unity-build-pipeline\actions-runner'
[2025-11-11 12:55:48Z INFO HostContext] Well known config file 'RSACredentials': 'C:\Projects\unity-build-pipeline\actions-runner\.credentials_rsaparams'
[2025-11-11 12:55:48Z INFO RSAEncryptedFileKeyManager] Loading RSA key parameters from file C:\Projects\unity-build-pipeline\actions-runner\.credentials_rsaparams
[2025-11-11 12:55:48Z INFO BrokerMessageListener] Attempt to create session.
[2025-11-11 12:55:48Z INFO BrokerMessageListener] Connecting to the Broker Server...
[2025-11-11 12:55:48Z INFO ConfigurationStore] HasCredentials()
[2025-11-11 12:55:48Z INFO ConfigurationStore] stored True
[2025-11-11 12:55:48Z INFO CredentialManager] GetCredentialProvider
[2025-11-11 12:55:48Z INFO CredentialManager] Creating type OAuth
[2025-11-11 12:55:48Z INFO CredentialManager] Creating credential type: OAuth
[2025-11-11 12:55:48Z INFO RSAEncryptedFileKeyManager] Loading RSA key parameters from file C:\Projects\unity-build-pipeline\actions-runner\.credentials_rsaparams
[2025-11-11 12:55:48Z INFO BrokerMessageListener] VssConnection created
[2025-11-11 12:55:48Z INFO BrokerMessageListener] Connecting to the Runner server...
[2025-11-11 12:55:48Z INFO RunnerServer] EstablishVssConnection
[2025-11-11 12:55:48Z INFO RunnerServer] Establish connection with 100 seconds timeout.
[2025-11-11 12:55:48Z INFO GitHubActionsService] Starting operation Location.GetConnectionData
[2025-11-11 12:55:48Z INFO RunnerServer] EstablishVssConnection
[2025-11-11 12:55:48Z INFO RunnerServer] Establish connection with 60 seconds timeout.
[2025-11-11 12:55:48Z INFO GitHubActionsService] Starting operation Location.GetConnectionData
[2025-11-11 12:55:48Z INFO RunnerServer] EstablishVssConnection
[2025-11-11 12:55:48Z INFO RunnerServer] Establish connection with 60 seconds timeout.
[2025-11-11 12:55:48Z INFO GitHubActionsService] Starting operation Location.GetConnectionData
[2025-11-11 12:55:49Z INFO GitHubActionsService] Finished operation Location.GetConnectionData
[2025-11-11 12:55:49Z INFO GitHubActionsService] Finished operation Location.GetConnectionData
[2025-11-11 12:55:49Z INFO GitHubActionsService] Finished operation Location.GetConnectionData
[2025-11-11 12:55:49Z INFO BrokerMessageListener] VssConnection created
[2025-11-11 12:55:49Z INFO Terminal] WRITE LINE: 
[2025-11-11 12:55:49Z INFO Terminal] WRITE LINE: 
[2025-11-11 12:55:49Z INFO RSAEncryptedFileKeyManager] Loading RSA key parameters from file C:\Projects\unity-build-pipeline\actions-runner\.credentials_rsaparams
[2025-11-11 12:55:49Z INFO RSAEncryptedFileKeyManager] Loading RSA key parameters from file C:\Projects\unity-build-pipeline\actions-runner\.credentials_rsaparams
[2025-11-11 12:55:50Z INFO GitHubActionsService] AAD Correlation ID for this token request: Unknown
[2025-11-11 12:55:51Z INFO BrokerMessageListener] Session created.
[2025-11-11 12:55:51Z INFO Terminal] WRITE LINE: Current runner version: '2.329.0'
[2025-11-11 12:55:51Z INFO Terminal] WRITE LINE: 2025-11-11 12:55:51Z: Listening for Jobs
[2025-11-11 12:55:51Z INFO JobDispatcher] Set runner/worker IPC timeout to 30 seconds.
[2025-11-11 12:59:09Z INFO BrokerMessageListener] Acknowledging runner request 'dfb483f7-e4ff-5800-8d6b-40fc0b179080'.
[2025-11-11 12:59:09Z INFO ConfigurationStore] HasCredentials()
[2025-11-11 12:59:09Z INFO ConfigurationStore] stored True
[2025-11-11 12:59:09Z INFO CredentialManager] GetCredentialProvider
[2025-11-11 12:59:09Z INFO CredentialManager] Creating type OAuth
[2025-11-11 12:59:09Z INFO CredentialManager] Creating credential type: OAuth
[2025-11-11 12:59:09Z INFO RSAEncryptedFileKeyManager] Loading RSA key parameters from file C:\Projects\unity-build-pipeline\actions-runner\.credentials_rsaparams
[2025-11-11 12:59:09Z INFO RSAEncryptedFileKeyManager] Loading RSA key parameters from file C:\Projects\unity-build-pipeline\actions-runner\.credentials_rsaparams
[2025-11-11 12:59:09Z INFO RSAEncryptedFileKeyManager] Loading RSA key parameters from file C:\Projects\unity-build-pipeline\actions-runner\.credentials_rsaparams
[2025-11-11 12:59:11Z INFO GitHubActionsService] AAD Correlation ID for this token request: Unknown
[2025-11-11 12:59:12Z INFO JobDispatcher] Job request 0 for plan d6919f10-801a-4c82-93d1-687b9dcecab3 job dfb483f7-e4ff-5800-8d6b-40fc0b179080 received.
[2025-11-11 12:59:12Z INFO JobDispatcher] Pull OrchestrationId d6919f10-801a-4c82-93d1-687b9dcecab3.build.__default from JWT claims
[2025-11-11 12:59:12Z INFO BrokerMessageListener] Received job status event. JobState: Busy
[2025-11-11 12:59:12Z INFO BrokerMessageListener] _getMessagesTokenSource is already disposed.
[2025-11-11 12:59:12Z INFO Terminal] WRITE LINE: 2025-11-11 12:59:12Z: Running job: build
[2025-11-11 12:59:12Z INFO JobDispatcher] Start renew job request 0 for job dfb483f7-e4ff-5800-8d6b-40fc0b179080.
[2025-11-11 12:59:13Z INFO JobDispatcher] Successfully renew job dfb483f7-e4ff-5800-8d6b-40fc0b179080, job is valid till 11/11/2025 1:09:12 pm
[2025-11-11 12:59:13Z INFO HostContext] Well known directory 'Bin': 'C:\Projects\unity-build-pipeline\actions-runner\bin'
[2025-11-11 12:59:13Z INFO ProcessInvokerWrapper] Starting process:
[2025-11-11 12:59:13Z INFO ProcessInvokerWrapper]   File name: 'C:\Projects\unity-build-pipeline\actions-runner\bin\Runner.Worker.exe'
[2025-11-11 12:59:13Z INFO ProcessInvokerWrapper]   Arguments: 'spawnclient 2252 2264'
[2025-11-11 12:59:13Z INFO ProcessInvokerWrapper]   Working directory: 'C:\Projects\unity-build-pipeline\actions-runner\bin'
[2025-11-11 12:59:13Z INFO ProcessInvokerWrapper]   Require exit code zero: 'False'
[2025-11-11 12:59:13Z INFO ProcessInvokerWrapper]   Encoding web name:  ; code page: ''
[2025-11-11 12:59:13Z INFO ProcessInvokerWrapper]   Force kill process on cancellation: 'True'
[2025-11-11 12:59:13Z INFO ProcessInvokerWrapper]   Redirected STDIN: 'False'
[2025-11-11 12:59:13Z INFO ProcessInvokerWrapper]   Persist current code page: 'False'
[2025-11-11 12:59:13Z INFO ProcessInvokerWrapper]   Keep redirected STDIN open: 'False'
[2025-11-11 12:59:13Z INFO ProcessInvokerWrapper]   High priority process: 'True'
[2025-11-11 12:59:13Z INFO ProcessInvokerWrapper] Process started with process id 18876, waiting for process exit.
[2025-11-11 12:59:13Z INFO JobDispatcher] Send job request message to worker for job dfb483f7-e4ff-5800-8d6b-40fc0b179080.
[2025-11-11 12:59:13Z INFO ProcessChannel] Sending message of length 17753, with hash '448877ecb534e3665eae5d8255ecdb285d5cc8a1d558c562e633d9695f0f7d96'
[2025-11-11 12:59:13Z INFO JobNotification] Entering JobStarted Notification
[2025-11-11 12:59:13Z INFO JobNotification] Entering StartMonitor
[2025-11-11 13:00:13Z INFO JobDispatcher] Successfully renew job dfb483f7-e4ff-5800-8d6b-40fc0b179080, job is valid till 11/11/2025 1:10:13 pm
[2025-11-11 13:01:14Z INFO JobDispatcher] Successfully renew job dfb483f7-e4ff-5800-8d6b-40fc0b179080, job is valid till 11/11/2025 1:11:13 pm
[2025-11-11 13:01:54Z INFO ProcessInvokerWrapper] STDOUT/STDERR stream read finished.
[2025-11-11 13:01:54Z INFO ProcessInvokerWrapper] STDOUT/STDERR stream read finished.
[2025-11-11 13:01:54Z INFO ProcessInvokerWrapper] Finished process 18876 with exit code 102, and elapsed time 00:02:41.2723152.
[2025-11-11 13:01:54Z INFO JobDispatcher] Worker finished for job dfb483f7-e4ff-5800-8d6b-40fc0b179080. Code: 102
[2025-11-11 13:01:54Z INFO JobDispatcher] finish job request for job dfb483f7-e4ff-5800-8d6b-40fc0b179080 with result: Failed
[2025-11-11 13:01:54Z INFO Terminal] WRITE LINE: 2025-11-11 13:01:54Z: Job build completed with result: Failed
[2025-11-11 13:01:54Z INFO JobDispatcher] Stop renew job request for job dfb483f7-e4ff-5800-8d6b-40fc0b179080.
[2025-11-11 13:01:54Z INFO JobDispatcher] job renew has been cancelled, stop renew job dfb483f7-e4ff-5800-8d6b-40fc0b179080.
[2025-11-11 13:01:54Z INFO JobNotification] Entering JobCompleted Notification
[2025-11-11 13:01:54Z INFO JobNotification] Entering EndMonitor
[2025-11-11 13:01:54Z INFO BrokerMessageListener] Received job status event. JobState: Online
[2025-11-11 13:01:54Z WARN GitHubActionsService] GET request to https://broker.actions.githubusercontent.com/message?sessionId=b096bf2e-c0c8-4063-9ff6-2e675d5c7114&status=Busy&runnerVersion=2.329.0&os=Windows&architecture=X64&disableUpdate=false has been cancelled.
[2025-11-11 13:01:54Z ERR  BrokerServer] Catch exception during request
[2025-11-11 13:01:54Z ERR  BrokerServer] System.Threading.Tasks.TaskCanceledException: The operation was canceled.
 ---> System.Threading.Tasks.TaskCanceledException: The operation was canceled.
 ---> System.IO.IOException: Unable to read data from the transport connection: The I/O operation has been aborted because of either a thread exit or an application request..
 ---> System.Net.Sockets.SocketException (995): The I/O operation has been aborted because of either a thread exit or an application request.
   --- End of inner exception stack trace ---
   at System.Net.Sockets.Socket.AwaitableSocketAsyncEventArgs.ThrowException(SocketError error, CancellationToken cancellationToken)
   at System.Net.Sockets.Socket.AwaitableSocketAsyncEventArgs.System.Threading.Tasks.Sources.IValueTaskSource<System.Int32>.GetResult(Int16 token)
   at System.Net.Security.SslStream.EnsureFullTlsFrameAsync[TIOAdapter](CancellationToken cancellationToken, Int32 estimatedSize)
   at System.Runtime.CompilerServices.PoolingAsyncValueTaskMethodBuilder`1.StateMachineBox`1.System.Threading.Tasks.Sources.IValueTaskSource<TResult>.GetResult(Int16 token)
   at System.Net.Security.SslStream.ReadAsyncInternal[TIOAdapter](Memory`1 buffer, CancellationToken cancellationToken)
   at System.Runtime.CompilerServices.PoolingAsyncValueTaskMethodBuilder`1.StateMachineBox`1.System.Threading.Tasks.Sources.IValueTaskSource<TResult>.GetResult(Int16 token)
   at System.Net.Http.HttpConnection.SendAsync(HttpRequestMessage request, Boolean async, CancellationToken cancellationToken)
   --- End of inner exception stack trace ---
   at System.Net.Http.HttpConnection.SendAsync(HttpRequestMessage request, Boolean async, CancellationToken cancellationToken)
   at System.Net.Http.AuthenticationHelper.SendWithNtAuthAsync(HttpRequestMessage request, Uri authUri, Boolean async, ICredentials credentials, Boolean isProxyAuth, HttpConnection connection, HttpConnectionPool connectionPool, CancellationToken cancellationToken)
   at System.Net.Http.HttpConnectionPool.SendWithVersionDetectionAndRetryAsync(HttpRequestMessage request, Boolean async, Boolean doRequestAuth, CancellationToken cancellationToken)
   at System.Net.Http.AuthenticationHelper.SendWithAuthAsync(HttpRequestMessage request, Uri authUri, Boolean async, ICredentials credentials, Boolean preAuthenticate, Boolean isProxyAuth, Boolean doRequestAuth, HttpConnectionPool pool, CancellationToken cancellationToken)
   at System.Net.Http.RedirectHandler.SendAsync(HttpRequestMessage request, Boolean async, CancellationToken cancellationToken)
   at GitHub.Services.Common.RawHttpMessageHandler.SendAsync(HttpRequestMessage request, CancellationToken cancellationToken)
   at GitHub.Services.Common.VssHttpRetryMessageHandler.SendAsync(HttpRequestMessage request, CancellationToken cancellationToken)
   at System.Net.Http.HttpClient.<SendAsync>g__Core|83_0(HttpRequestMessage request, HttpCompletionOption completionOption, CancellationTokenSource cts, Boolean disposeCts, CancellationTokenSource pendingRequestsCts, CancellationToken originalCancellationToken)
   --- End of inner exception stack trace ---
   at System.Net.Http.HttpClient.HandleFailure(Exception e, Boolean telemetryStarted, HttpResponseMessage response, CancellationTokenSource cts, CancellationToken cancellationToken, CancellationTokenSource pendingRequestsCts)
   at System.Net.Http.HttpClient.<SendAsync>g__Core|83_0(HttpRequestMessage request, HttpCompletionOption completionOption, CancellationTokenSource cts, Boolean disposeCts, CancellationTokenSource pendingRequestsCts, CancellationToken originalCancellationToken)
   at Sdk.WebApi.WebApi.RawHttpClientBase.SendAsync(HttpRequestMessage message, HttpCompletionOption completionOption, Object userState, CancellationToken cancellationToken)
   at Sdk.WebApi.WebApi.RawHttpClientBase.SendAsync[T](HttpRequestMessage message, Boolean readErrorBody, Object userState, CancellationToken cancellationToken)
   at Sdk.WebApi.WebApi.RawHttpClientBase.SendAsync[T](HttpMethod method, IEnumerable`1 additionalHeaders, Uri requestUri, HttpContent content, IEnumerable`1 queryParameters, Boolean readErrorBody, Object userState, CancellationToken cancellationToken)
   at GitHub.Actions.RunService.WebApi.BrokerHttpClient.GetRunnerMessageAsync(Nullable`1 sessionId, String runnerVersion, Nullable`1 status, String os, String architecture, Nullable`1 disableUpdate, CancellationToken cancellationToken)
   at GitHub.Runner.Common.BrokerServer.<>c__DisplayClass7_0.<<GetRunnerMessageAsync>b__0>d.MoveNext()
--- End of stack trace from previous location ---
   at GitHub.Runner.Common.RunnerService.RetryRequest[T](Func`1 func, CancellationToken cancellationToken, Int32 maxAttempts, Func`2 shouldRetry)
[2025-11-11 13:01:54Z ERR  BrokerServer] #####################################################
[2025-11-11 13:01:54Z ERR  BrokerServer] System.Threading.Tasks.TaskCanceledException: The operation was canceled.
 ---> System.IO.IOException: Unable to read data from the transport connection: The I/O operation has been aborted because of either a thread exit or an application request..
 ---> System.Net.Sockets.SocketException (995): The I/O operation has been aborted because of either a thread exit or an application request.
   --- End of inner exception stack trace ---
   at System.Net.Sockets.Socket.AwaitableSocketAsyncEventArgs.ThrowException(SocketError error, CancellationToken cancellationToken)
   at System.Net.Sockets.Socket.AwaitableSocketAsyncEventArgs.System.Threading.Tasks.Sources.IValueTaskSource<System.Int32>.GetResult(Int16 token)
   at System.Net.Security.SslStream.EnsureFullTlsFrameAsync[TIOAdapter](CancellationToken cancellationToken, Int32 estimatedSize)
   at System.Runtime.CompilerServices.PoolingAsyncValueTaskMethodBuilder`1.StateMachineBox`1.System.Threading.Tasks.Sources.IValueTaskSource<TResult>.GetResult(Int16 token)
   at System.Net.Security.SslStream.ReadAsyncInternal[TIOAdapter](Memory`1 buffer, CancellationToken cancellationToken)
   at System.Runtime.CompilerServices.PoolingAsyncValueTaskMethodBuilder`1.StateMachineBox`1.System.Threading.Tasks.Sources.IValueTaskSource<TResult>.GetResult(Int16 token)
   at System.Net.Http.HttpConnection.SendAsync(HttpRequestMessage request, Boolean async, CancellationToken cancellationToken)
   --- End of inner exception stack trace ---
   at System.Net.Http.HttpConnection.SendAsync(HttpRequestMessage request, Boolean async, CancellationToken cancellationToken)
   at System.Net.Http.AuthenticationHelper.SendWithNtAuthAsync(HttpRequestMessage request, Uri authUri, Boolean async, ICredentials credentials, Boolean isProxyAuth, HttpConnection connection, HttpConnectionPool connectionPool, CancellationToken cancellationToken)
   at System.Net.Http.HttpConnectionPool.SendWithVersionDetectionAndRetryAsync(HttpRequestMessage request, Boolean async, Boolean doRequestAuth, CancellationToken cancellationToken)
   at System.Net.Http.AuthenticationHelper.SendWithAuthAsync(HttpRequestMessage request, Uri authUri, Boolean async, ICredentials credentials, Boolean preAuthenticate, Boolean isProxyAuth, Boolean doRequestAuth, HttpConnectionPool pool, CancellationToken cancellationToken)
   at System.Net.Http.RedirectHandler.SendAsync(HttpRequestMessage request, Boolean async, CancellationToken cancellationToken)
   at GitHub.Services.Common.RawHttpMessageHandler.SendAsync(HttpRequestMessage request, CancellationToken cancellationToken)
   at GitHub.Services.Common.VssHttpRetryMessageHandler.SendAsync(HttpRequestMessage request, CancellationToken cancellationToken)
   at System.Net.Http.HttpClient.<SendAsync>g__Core|83_0(HttpRequestMessage request, HttpCompletionOption completionOption, CancellationTokenSource cts, Boolean disposeCts, CancellationTokenSource pendingRequestsCts, CancellationToken originalCancellationToken)
[2025-11-11 13:01:54Z ERR  BrokerServer] #####################################################
[2025-11-11 13:01:54Z ERR  BrokerServer] System.IO.IOException: Unable to read data from the transport connection: The I/O operation has been aborted because of either a thread exit or an application request..
 ---> System.Net.Sockets.SocketException (995): The I/O operation has been aborted because of either a thread exit or an application request.
   --- End of inner exception stack trace ---
   at System.Net.Sockets.Socket.AwaitableSocketAsyncEventArgs.ThrowException(SocketError error, CancellationToken cancellationToken)
   at System.Net.Sockets.Socket.AwaitableSocketAsyncEventArgs.System.Threading.Tasks.Sources.IValueTaskSource<System.Int32>.GetResult(Int16 token)
   at System.Net.Security.SslStream.EnsureFullTlsFrameAsync[TIOAdapter](CancellationToken cancellationToken, Int32 estimatedSize)
   at System.Runtime.CompilerServices.PoolingAsyncValueTaskMethodBuilder`1.StateMachineBox`1.System.Threading.Tasks.Sources.IValueTaskSource<TResult>.GetResult(Int16 token)
   at System.Net.Security.SslStream.ReadAsyncInternal[TIOAdapter](Memory`1 buffer, CancellationToken cancellationToken)
   at System.Runtime.CompilerServices.PoolingAsyncValueTaskMethodBuilder`1.StateMachineBox`1.System.Threading.Tasks.Sources.IValueTaskSource<TResult>.GetResult(Int16 token)
   at System.Net.Http.HttpConnection.SendAsync(HttpRequestMessage request, Boolean async, CancellationToken cancellationToken)
[2025-11-11 13:01:54Z ERR  BrokerServer] #####################################################
[2025-11-11 13:01:54Z ERR  BrokerServer] System.Net.Sockets.SocketException (995): The I/O operation has been aborted because of either a thread exit or an application request.
[2025-11-11 13:01:54Z WARN BrokerServer] Back off 6.4 seconds before next retry. 4 attempt left.
[2025-11-11 13:01:54Z INFO BrokerMessageListener] Get messages has been cancelled using local token source. Continue to get messages with new status.
[2025-11-11 13:25:23Z WARN GitHubActionsService] GET request to https://broker.actions.githubusercontent.com/message?sessionId=b096bf2e-c0c8-4063-9ff6-2e675d5c7114&status=Online&runnerVersion=2.329.0&os=Windows&architecture=X64&disableUpdate=false timed out after 100 seconds.
[2025-11-11 13:25:23Z ERR  BrokerServer] Catch exception during request
[2025-11-11 13:25:23Z ERR  BrokerServer] System.TimeoutException: The HTTP request timed out after 00:01:40.
 ---> System.Threading.Tasks.TaskCanceledException: The operation was canceled.
 ---> System.IO.IOException: Unable to read data from the transport connection: The I/O operation has been aborted because of either a thread exit or an application request..
 ---> System.Net.Sockets.SocketException (995): The I/O operation has been aborted because of either a thread exit or an application request.
   --- End of inner exception stack trace ---
   at System.Net.Sockets.Socket.AwaitableSocketAsyncEventArgs.System.Threading.Tasks.Sources.IValueTaskSource<System.Int32>.GetResult(Int16 token)
   at System.Net.Security.SslStream.EnsureFullTlsFrameAsync[TIOAdapter](CancellationToken cancellationToken, Int32 estimatedSize)
   at System.Runtime.CompilerServices.PoolingAsyncValueTaskMethodBuilder`1.StateMachineBox`1.System.Threading.Tasks.Sources.IValueTaskSource<TResult>.GetResult(Int16 token)
   at System.Net.Security.SslStream.ReadAsyncInternal[TIOAdapter](Memory`1 buffer, CancellationToken cancellationToken)
   at System.Runtime.CompilerServices.PoolingAsyncValueTaskMethodBuilder`1.StateMachineBox`1.System.Threading.Tasks.Sources.IValueTaskSource<TResult>.GetResult(Int16 token)
   at System.Net.Http.HttpConnection.SendAsync(HttpRequestMessage request, Boolean async, CancellationToken cancellationToken)
   --- End of inner exception stack trace ---
   at System.Net.Http.HttpConnection.SendAsync(HttpRequestMessage request, Boolean async, CancellationToken cancellationToken)
   at System.Net.Http.AuthenticationHelper.SendWithNtAuthAsync(HttpRequestMessage request, Uri authUri, Boolean async, ICredentials credentials, Boolean isProxyAuth, HttpConnection connection, HttpConnectionPool connectionPool, CancellationToken cancellationToken)
   at System.Net.Http.HttpConnectionPool.SendWithVersionDetectionAndRetryAsync(HttpRequestMessage request, Boolean async, Boolean doRequestAuth, CancellationToken cancellationToken)
   at System.Net.Http.AuthenticationHelper.SendWithAuthAsync(HttpRequestMessage request, Uri authUri, Boolean async, ICredentials credentials, Boolean preAuthenticate, Boolean isProxyAuth, Boolean doRequestAuth, HttpConnectionPool pool, CancellationToken cancellationToken)
   at System.Net.Http.RedirectHandler.SendAsync(HttpRequestMessage request, Boolean async, CancellationToken cancellationToken)
   at GitHub.Services.Common.RawHttpMessageHandler.SendAsync(HttpRequestMessage request, CancellationToken cancellationToken)
   --- End of inner exception stack trace ---
   at GitHub.Services.Common.RawHttpMessageHandler.SendAsync(HttpRequestMessage request, CancellationToken cancellationToken)
   at GitHub.Services.Common.VssHttpRetryMessageHandler.SendAsync(HttpRequestMessage request, CancellationToken cancellationToken)
   at System.Net.Http.HttpClient.<SendAsync>g__Core|83_0(HttpRequestMessage request, HttpCompletionOption completionOption, CancellationTokenSource cts, Boolean disposeCts, CancellationTokenSource pendingRequestsCts, CancellationToken originalCancellationToken)
   at Sdk.WebApi.WebApi.RawHttpClientBase.SendAsync(HttpRequestMessage message, HttpCompletionOption completionOption, Object userState, CancellationToken cancellationToken)
   at Sdk.WebApi.WebApi.RawHttpClientBase.SendAsync[T](HttpRequestMessage message, Boolean readErrorBody, Object userState, CancellationToken cancellationToken)
   at Sdk.WebApi.WebApi.RawHttpClientBase.SendAsync[T](HttpMethod method, IEnumerable`1 additionalHeaders, Uri requestUri, HttpContent content, IEnumerable`1 queryParameters, Boolean readErrorBody, Object userState, CancellationToken cancellationToken)
   at GitHub.Actions.RunService.WebApi.BrokerHttpClient.GetRunnerMessageAsync(Nullable`1 sessionId, String runnerVersion, Nullable`1 status, String os, String architecture, Nullable`1 disableUpdate, CancellationToken cancellationToken)
   at GitHub.Runner.Common.BrokerServer.<>c__DisplayClass7_0.<<GetRunnerMessageAsync>b__0>d.MoveNext()
--- End of stack trace from previous location ---
   at GitHub.Runner.Common.RunnerService.RetryRequest[T](Func`1 func, CancellationToken cancellationToken, Int32 maxAttempts, Func`2 shouldRetry)
[2025-11-11 13:25:23Z ERR  BrokerServer] #####################################################
[2025-11-11 13:25:23Z ERR  BrokerServer] System.Threading.Tasks.TaskCanceledException: The operation was canceled.
 ---> System.IO.IOException: Unable to read data from the transport connection: The I/O operation has been aborted because of either a thread exit or an application request..
 ---> System.Net.Sockets.SocketException (995): The I/O operation has been aborted because of either a thread exit or an application request.
   --- End of inner exception stack trace ---
   at System.Net.Sockets.Socket.AwaitableSocketAsyncEventArgs.System.Threading.Tasks.Sources.IValueTaskSource<System.Int32>.GetResult(Int16 token)
   at System.Net.Security.SslStream.EnsureFullTlsFrameAsync[TIOAdapter](CancellationToken cancellationToken, Int32 estimatedSize)
   at System.Runtime.CompilerServices.PoolingAsyncValueTaskMethodBuilder`1.StateMachineBox`1.System.Threading.Tasks.Sources.IValueTaskSource<TResult>.GetResult(Int16 token)
   at System.Net.Security.SslStream.ReadAsyncInternal[TIOAdapter](Memory`1 buffer, CancellationToken cancellationToken)
   at System.Runtime.CompilerServices.PoolingAsyncValueTaskMethodBuilder`1.StateMachineBox`1.System.Threading.Tasks.Sources.IValueTaskSource<TResult>.GetResult(Int16 token)
   at System.Net.Http.HttpConnection.SendAsync(HttpRequestMessage request, Boolean async, CancellationToken cancellationToken)
   --- End of inner exception stack trace ---
   at System.Net.Http.HttpConnection.SendAsync(HttpRequestMessage request, Boolean async, CancellationToken cancellationToken)
   at System.Net.Http.AuthenticationHelper.SendWithNtAuthAsync(HttpRequestMessage request, Uri authUri, Boolean async, ICredentials credentials, Boolean isProxyAuth, HttpConnection connection, HttpConnectionPool connectionPool, CancellationToken cancellationToken)
   at System.Net.Http.HttpConnectionPool.SendWithVersionDetectionAndRetryAsync(HttpRequestMessage request, Boolean async, Boolean doRequestAuth, CancellationToken cancellationToken)
   at System.Net.Http.AuthenticationHelper.SendWithAuthAsync(HttpRequestMessage request, Uri authUri, Boolean async, ICredentials credentials, Boolean preAuthenticate, Boolean isProxyAuth, Boolean doRequestAuth, HttpConnectionPool pool, CancellationToken cancellationToken)
   at System.Net.Http.RedirectHandler.SendAsync(HttpRequestMessage request, Boolean async, CancellationToken cancellationToken)
   at GitHub.Services.Common.RawHttpMessageHandler.SendAsync(HttpRequestMessage request, CancellationToken cancellationToken)
[2025-11-11 13:25:23Z ERR  BrokerServer] #####################################################
[2025-11-11 13:25:23Z ERR  BrokerServer] System.IO.IOException: Unable to read data from the transport connection: The I/O operation has been aborted because of either a thread exit or an application request..
 ---> System.Net.Sockets.SocketException (995): The I/O operation has been aborted because of either a thread exit or an application request.
   --- End of inner exception stack trace ---
   at System.Net.Sockets.Socket.AwaitableSocketAsyncEventArgs.System.Threading.Tasks.Sources.IValueTaskSource<System.Int32>.GetResult(Int16 token)
   at System.Net.Security.SslStream.EnsureFullTlsFrameAsync[TIOAdapter](CancellationToken cancellationToken, Int32 estimatedSize)
   at System.Runtime.CompilerServices.PoolingAsyncValueTaskMethodBuilder`1.StateMachineBox`1.System.Threading.Tasks.Sources.IValueTaskSource<TResult>.GetResult(Int16 token)
   at System.Net.Security.SslStream.ReadAsyncInternal[TIOAdapter](Memory`1 buffer, CancellationToken cancellationToken)
   at System.Runtime.CompilerServices.PoolingAsyncValueTaskMethodBuilder`1.StateMachineBox`1.System.Threading.Tasks.Sources.IValueTaskSource<TResult>.GetResult(Int16 token)
   at System.Net.Http.HttpConnection.SendAsync(HttpRequestMessage request, Boolean async, CancellationToken cancellationToken)
[2025-11-11 13:25:23Z ERR  BrokerServer] #####################################################
[2025-11-11 13:25:23Z ERR  BrokerServer] System.Net.Sockets.SocketException (995): The I/O operation has been aborted because of either a thread exit or an application request.
[2025-11-11 13:25:23Z WARN BrokerServer] Back off 14.261 seconds before next retry. 4 attempt left.
[2025-11-11 13:46:37Z INFO RSAEncryptedFileKeyManager] Loading RSA key parameters from file C:\Projects\unity-build-pipeline\actions-runner\.credentials_rsaparams
[2025-11-11 13:46:38Z INFO GitHubActionsService] AAD Correlation ID for this token request: Unknown
[2025-11-11 14:36:57Z INFO RSAEncryptedFileKeyManager] Loading RSA key parameters from file C:\Projects\unity-build-pipeline\actions-runner\.credentials_rsaparams
[2025-11-11 14:36:58Z INFO GitHubActionsService] AAD Correlation ID for this token request: Unknown
[2025-11-11 15:22:38Z INFO HostContext] Runner will be shutdown for UserCancelled
[2025-11-11 15:22:38Z WARN GitHubActionsService] GET request to https://broker.actions.githubusercontent.com/message?sessionId=b096bf2e-c0c8-4063-9ff6-2e675d5c7114&status=Online&runnerVersion=2.329.0&os=Windows&architecture=X64&disableUpdate=false has been cancelled.
[2025-11-11 15:22:38Z ERR  BrokerServer] Catch exception during request
[2025-11-11 15:22:38Z ERR  BrokerServer] System.Threading.Tasks.TaskCanceledException: The operation was canceled.
 ---> System.Threading.Tasks.TaskCanceledException: The operation was canceled.
 ---> System.IO.IOException: Unable to read data from the transport connection: The I/O operation has been aborted because of either a thread exit or an application request..
 ---> System.Net.Sockets.SocketException (995): The I/O operation has been aborted because of either a thread exit or an application request.
   --- End of inner exception stack trace ---
   at System.Net.Sockets.Socket.AwaitableSocketAsyncEventArgs.System.Threading.Tasks.Sources.IValueTaskSource<System.Int32>.GetResult(Int16 token)
   at System.Net.Security.SslStream.EnsureFullTlsFrameAsync[TIOAdapter](CancellationToken cancellationToken, Int32 estimatedSize)
   at System.Runtime.CompilerServices.PoolingAsyncValueTaskMethodBuilder`1.StateMachineBox`1.System.Threading.Tasks.Sources.IValueTaskSource<TResult>.GetResult(Int16 token)
   at System.Net.Security.SslStream.ReadAsyncInternal[TIOAdapter](Memory`1 buffer, CancellationToken cancellationToken)
   at System.Runtime.CompilerServices.PoolingAsyncValueTaskMethodBuilder`1.StateMachineBox`1.System.Threading.Tasks.Sources.IValueTaskSource<TResult>.GetResult(Int16 token)
   at System.Net.Http.HttpConnection.SendAsync(HttpRequestMessage request, Boolean async, CancellationToken cancellationToken)
   --- End of inner exception stack trace ---
   at System.Net.Http.HttpConnection.SendAsync(HttpRequestMessage request, Boolean async, CancellationToken cancellationToken)
   at System.Net.Http.AuthenticationHelper.SendWithNtAuthAsync(HttpRequestMessage request, Uri authUri, Boolean async, ICredentials credentials, Boolean isProxyAuth, HttpConnection connection, HttpConnectionPool connectionPool, CancellationToken cancellationToken)
   at System.Net.Http.HttpConnectionPool.SendWithVersionDetectionAndRetryAsync(HttpRequestMessage request, Boolean async, Boolean doRequestAuth, CancellationToken cancellationToken)
   at System.Net.Http.AuthenticationHelper.SendWithAuthAsync(HttpRequestMessage request, Uri authUri, Boolean async, ICredentials credentials, Boolean preAuthenticate, Boolean isProxyAuth, Boolean doRequestAuth, HttpConnectionPool pool, CancellationToken cancellationToken)
   at System.Net.Http.RedirectHandler.SendAsync(HttpRequestMessage request, Boolean async, CancellationToken cancellationToken)
   at GitHub.Services.Common.RawHttpMessageHandler.SendAsync(HttpRequestMessage request, CancellationToken cancellationToken)
   at GitHub.Services.Common.VssHttpRetryMessageHandler.SendAsync(HttpRequestMessage request, CancellationToken cancellationToken)
   at System.Net.Http.HttpClient.<SendAsync>g__Core|83_0(HttpRequestMessage request, HttpCompletionOption completionOption, CancellationTokenSource cts, Boolean disposeCts, CancellationTokenSource pendingRequestsCts, CancellationToken originalCancellationToken)
   --- End of inner exception stack trace ---
   at System.Net.Http.HttpClient.HandleFailure(Exception e, Boolean telemetryStarted, HttpResponseMessage response, CancellationTokenSource cts, CancellationToken cancellationToken, CancellationTokenSource pendingRequestsCts)
   at System.Net.Http.HttpClient.<SendAsync>g__Core|83_0(HttpRequestMessage request, HttpCompletionOption completionOption, CancellationTokenSource cts, Boolean disposeCts, CancellationTokenSource pendingRequestsCts, CancellationToken originalCancellationToken)
   at Sdk.WebApi.WebApi.RawHttpClientBase.SendAsync(HttpRequestMessage message, HttpCompletionOption completionOption, Object userState, CancellationToken cancellationToken)
   at Sdk.WebApi.WebApi.RawHttpClientBase.SendAsync[T](HttpRequestMessage message, Boolean readErrorBody, Object userState, CancellationToken cancellationToken)
   at Sdk.WebApi.WebApi.RawHttpClientBase.SendAsync[T](HttpMethod method, IEnumerable`1 additionalHeaders, Uri requestUri, HttpContent content, IEnumerable`1 queryParameters, Boolean readErrorBody, Object userState, CancellationToken cancellationToken)
   at GitHub.Actions.RunService.WebApi.BrokerHttpClient.GetRunnerMessageAsync(Nullable`1 sessionId, String runnerVersion, Nullable`1 status, String os, String architecture, Nullable`1 disableUpdate, CancellationToken cancellationToken)
   at GitHub.Runner.Common.BrokerServer.<>c__DisplayClass7_0.<<GetRunnerMessageAsync>b__0>d.MoveNext()
--- End of stack trace from previous location ---
   at GitHub.Runner.Common.RunnerService.RetryRequest[T](Func`1 func, CancellationToken cancellationToken, Int32 maxAttempts, Func`2 shouldRetry)
[2025-11-11 15:22:38Z ERR  BrokerServer] #####################################################
[2025-11-11 15:22:38Z ERR  BrokerServer] System.Threading.Tasks.TaskCanceledException: The operation was canceled.
 ---> System.IO.IOException: Unable to read data from the transport connection: The I/O operation has been aborted because of either a thread exit or an application request..
 ---> System.Net.Sockets.SocketException (995): The I/O operation has been aborted because of either a thread exit or an application request.
   --- End of inner exception stack trace ---
   at System.Net.Sockets.Socket.AwaitableSocketAsyncEventArgs.System.Threading.Tasks.Sources.IValueTaskSource<System.Int32>.GetResult(Int16 token)
   at System.Net.Security.SslStream.EnsureFullTlsFrameAsync[TIOAdapter](CancellationToken cancellationToken, Int32 estimatedSize)
   at System.Runtime.CompilerServices.PoolingAsyncValueTaskMethodBuilder`1.StateMachineBox`1.System.Threading.Tasks.Sources.IValueTaskSource<TResult>.GetResult(Int16 token)
   at System.Net.Security.SslStream.ReadAsyncInternal[TIOAdapter](Memory`1 buffer, CancellationToken cancellationToken)
   at System.Runtime.CompilerServices.PoolingAsyncValueTaskMethodBuilder`1.StateMachineBox`1.System.Threading.Tasks.Sources.IValueTaskSource<TResult>.GetResult(Int16 token)
   at System.Net.Http.HttpConnection.SendAsync(HttpRequestMessage request, Boolean async, CancellationToken cancellationToken)
   --- End of inner exception stack trace ---
   at System.Net.Http.HttpConnection.SendAsync(HttpRequestMessage request, Boolean async, CancellationToken cancellationToken)
   at System.Net.Http.AuthenticationHelper.SendWithNtAuthAsync(HttpRequestMessage request, Uri authUri, Boolean async, ICredentials credentials, Boolean isProxyAuth, HttpConnection connection, HttpConnectionPool connectionPool, CancellationToken cancellationToken)
   at System.Net.Http.HttpConnectionPool.SendWithVersionDetectionAndRetryAsync(HttpRequestMessage request, Boolean async, Boolean doRequestAuth, CancellationToken cancellationToken)
   at System.Net.Http.AuthenticationHelper.SendWithAuthAsync(HttpRequestMessage request, Uri authUri, Boolean async, ICredentials credentials, Boolean preAuthenticate, Boolean isProxyAuth, Boolean doRequestAuth, HttpConnectionPool pool, CancellationToken cancellationToken)
   at System.Net.Http.RedirectHandler.SendAsync(HttpRequestMessage request, Boolean async, CancellationToken cancellationToken)
   at GitHub.Services.Common.RawHttpMessageHandler.SendAsync(HttpRequestMessage request, CancellationToken cancellationToken)
   at GitHub.Services.Common.VssHttpRetryMessageHandler.SendAsync(HttpRequestMessage request, CancellationToken cancellationToken)
   at System.Net.Http.HttpClient.<SendAsync>g__Core|83_0(HttpRequestMessage request, HttpCompletionOption completionOption, CancellationTokenSource cts, Boolean disposeCts, CancellationTokenSource pendingRequestsCts, CancellationToken originalCancellationToken)
[2025-11-11 15:22:38Z ERR  BrokerServer] #####################################################
[2025-11-11 15:22:38Z ERR  BrokerServer] System.IO.IOException: Unable to read data from the transport connection: The I/O operation has been aborted because of either a thread exit or an application request..
 ---> System.Net.Sockets.SocketException (995): The I/O operation has been aborted because of either a thread exit or an application request.
   --- End of inner exception stack trace ---
   at System.Net.Sockets.Socket.AwaitableSocketAsyncEventArgs.System.Threading.Tasks.Sources.IValueTaskSource<System.Int32>.GetResult(Int16 token)
   at System.Net.Security.SslStream.EnsureFullTlsFrameAsync[TIOAdapter](CancellationToken cancellationToken, Int32 estimatedSize)
   at System.Runtime.CompilerServices.PoolingAsyncValueTaskMethodBuilder`1.StateMachineBox`1.System.Threading.Tasks.Sources.IValueTaskSource<TResult>.GetResult(Int16 token)
   at System.Net.Security.SslStream.ReadAsyncInternal[TIOAdapter](Memory`1 buffer, CancellationToken cancellationToken)
   at System.Runtime.CompilerServices.PoolingAsyncValueTaskMethodBuilder`1.StateMachineBox`1.System.Threading.Tasks.Sources.IValueTaskSource<TResult>.GetResult(Int16 token)
   at System.Net.Http.HttpConnection.SendAsync(HttpRequestMessage request, Boolean async, CancellationToken cancellationToken)
[2025-11-11 15:22:38Z ERR  BrokerServer] #####################################################
[2025-11-11 15:22:38Z ERR  BrokerServer] System.Net.Sockets.SocketException (995): The I/O operation has been aborted because of either a thread exit or an application request.
[2025-11-11 15:22:38Z WARN BrokerServer] Back off 10.651 seconds before next retry. 4 attempt left.
[2025-11-11 15:22:38Z INFO BrokerMessageListener] Get next message has been cancelled.
[2025-11-11 15:22:38Z INFO JobDispatcher] Shutting down JobDispatcher. Make sure all WorkerDispatcher has finished.
[2025-11-11 15:22:38Z INFO JobDispatcher] Ensure WorkerDispatcher for job dfb483f7-e4ff-5800-8d6b-40fc0b179080 run to finish, cancel any running job.
[2025-11-11 15:22:38Z INFO JobDispatcher] Job request dfb483f7-e4ff-5800-8d6b-40fc0b179080 processed succeed.
[2025-11-11 15:22:38Z INFO Runner] Deleting Runner Session...
[2025-11-11 15:22:39Z INFO Listener] Runner execution been cancelled.
