[2025-11-14 13:14:06Z INFO HostContext] No proxy settings were found based on environmental variables (http_proxy/https_proxy/HTTP_PROXY/HTTPS_PROXY)
[2025-11-14 13:14:06Z INFO HostContext] Well known directory 'Bin': 'C:\Projects\unity-build-pipeline\actions-runner\bin'
[2025-11-14 13:14:06Z INFO HostContext] Well known directory 'Root': 'C:\Projects\unity-build-pipeline\actions-runner'
[2025-11-14 13:14:06Z INFO HostContext] Well known config file 'Credentials': 'C:\Projects\unity-build-pipeline\actions-runner\.credentials'
[2025-11-14 13:14:06Z INFO HostContext] Well known directory 'Bin': 'C:\Projects\unity-build-pipeline\actions-runner\bin'
[2025-11-14 13:14:06Z INFO HostContext] Well known directory 'Root': 'C:\Projects\unity-build-pipeline\actions-runner'
[2025-11-14 13:14:06Z INFO HostContext] Well known config file 'Runner': 'C:\Projects\unity-build-pipeline\actions-runner\.runner'
[2025-11-14 13:14:06Z INFO Listener] Runner is built for Windows (X64) - win-x64.
[2025-11-14 13:14:06Z INFO Listener] RuntimeInformation: Microsoft Windows 10.0.26100.
[2025-11-14 13:14:06Z INFO Listener] Version: 2.329.0
[2025-11-14 13:14:06Z INFO Listener] Commit: c76c59996c8fa32e989164a5a695efb12608ae5a
[2025-11-14 13:14:06Z INFO Listener] Culture: en-PK
[2025-11-14 13:14:06Z INFO Listener] UI Culture: en-US
[2025-11-14 13:14:06Z INFO HostContext] Well known directory 'Bin': 'C:\Projects\unity-build-pipeline\actions-runner\bin'
[2025-11-14 13:14:06Z INFO HostContext] Well known directory 'Root': 'C:\Projects\unity-build-pipeline\actions-runner'
[2025-11-14 13:14:06Z INFO Listener] Validating directory permissions for: 'C:\Projects\unity-build-pipeline\actions-runner'
[2025-11-14 13:14:06Z INFO CommandLineParser] Parse
[2025-11-14 13:14:06Z INFO CommandLineParser] Parsing 1 args
[2025-11-14 13:14:06Z INFO CommandLineParser] parsing argument
[2025-11-14 13:14:06Z INFO CommandLineParser] HasArgs: False
[2025-11-14 13:14:06Z INFO CommandLineParser] Adding Command: configure
[2025-11-14 13:14:06Z INFO Listener] Arguments parsed
[2025-11-14 13:14:06Z INFO Runner] ExecuteCommand
[2025-11-14 13:14:06Z INFO ConfigurationStore] currentAssemblyLocation: C:\Projects\unity-build-pipeline\actions-runner\bin\Runner.Listener.dll
[2025-11-14 13:14:06Z INFO HostContext] Well known directory 'Bin': 'C:\Projects\unity-build-pipeline\actions-runner\bin'
[2025-11-14 13:14:06Z INFO ConfigurationStore] binPath: C:\Projects\unity-build-pipeline\actions-runner\bin
[2025-11-14 13:14:06Z INFO HostContext] Well known directory 'Bin': 'C:\Projects\unity-build-pipeline\actions-runner\bin'
[2025-11-14 13:14:06Z INFO HostContext] Well known directory 'Root': 'C:\Projects\unity-build-pipeline\actions-runner'
[2025-11-14 13:14:06Z INFO ConfigurationStore] RootFolder: C:\Projects\unity-build-pipeline\actions-runner
[2025-11-14 13:14:06Z INFO HostContext] Well known directory 'Bin': 'C:\Projects\unity-build-pipeline\actions-runner\bin'
[2025-11-14 13:14:06Z INFO HostContext] Well known directory 'Root': 'C:\Projects\unity-build-pipeline\actions-runner'
[2025-11-14 13:14:06Z INFO HostContext] Well known config file 'Runner': 'C:\Projects\unity-build-pipeline\actions-runner\.runner'
[2025-11-14 13:14:06Z INFO ConfigurationStore] ConfigFilePath: C:\Projects\unity-build-pipeline\actions-runner\.runner
[2025-11-14 13:14:06Z INFO HostContext] Well known directory 'Bin': 'C:\Projects\unity-build-pipeline\actions-runner\bin'
[2025-11-14 13:14:06Z INFO HostContext] Well known directory 'Root': 'C:\Projects\unity-build-pipeline\actions-runner'
[2025-11-14 13:14:06Z INFO HostContext] Well known config file 'MigratedRunner': 'C:\Projects\unity-build-pipeline\actions-runner\.runner_migrated'
[2025-11-14 13:14:06Z INFO ConfigurationStore] MigratedConfigFilePath: C:\Projects\unity-build-pipeline\actions-runner\.runner_migrated
[2025-11-14 13:14:06Z INFO HostContext] Well known directory 'Bin': 'C:\Projects\unity-build-pipeline\actions-runner\bin'
[2025-11-14 13:14:06Z INFO HostContext] Well known directory 'Root': 'C:\Projects\unity-build-pipeline\actions-runner'
[2025-11-14 13:14:06Z INFO HostContext] Well known config file 'Credentials': 'C:\Projects\unity-build-pipeline\actions-runner\.credentials'
[2025-11-14 13:14:06Z INFO ConfigurationStore] CredFilePath: C:\Projects\unity-build-pipeline\actions-runner\.credentials
[2025-11-14 13:14:06Z INFO HostContext] Well known directory 'Bin': 'C:\Projects\unity-build-pipeline\actions-runner\bin'
[2025-11-14 13:14:06Z INFO HostContext] Well known directory 'Root': 'C:\Projects\unity-build-pipeline\actions-runner'
[2025-11-14 13:14:06Z INFO HostContext] Well known config file 'MigratedCredentials': 'C:\Projects\unity-build-pipeline\actions-runner\.credentials_migrated'
[2025-11-14 13:14:06Z INFO ConfigurationStore] MigratedCredFilePath: C:\Projects\unity-build-pipeline\actions-runner\.credentials_migrated
[2025-11-14 13:14:06Z INFO HostContext] Well known directory 'Bin': 'C:\Projects\unity-build-pipeline\actions-runner\bin'
[2025-11-14 13:14:06Z INFO HostContext] Well known directory 'Root': 'C:\Projects\unity-build-pipeline\actions-runner'
[2025-11-14 13:14:06Z INFO HostContext] Well known config file 'Service': 'C:\Projects\unity-build-pipeline\actions-runner\.service'
[2025-11-14 13:14:06Z INFO ConfigurationStore] ServiceConfigFilePath: C:\Projects\unity-build-pipeline\actions-runner\.service
[2025-11-14 13:14:06Z INFO CommandSettings] Flag 'help': 'False'
[2025-11-14 13:14:06Z INFO CommandSettings] Flag 'version': 'False'
[2025-11-14 13:14:06Z INFO CommandSettings] Flag 'commit': 'False'
[2025-11-14 13:14:06Z INFO CommandSettings] Flag 'check': 'False'
[2025-11-14 13:14:06Z INFO CommandSettings] Command 'configure': 'True'
[2025-11-14 13:14:06Z INFO Terminal] WRITE LINE: 
[2025-11-14 13:14:06Z INFO Terminal] WRITE LINE: --------------------------------------------------------------------------------
[2025-11-14 13:14:06Z INFO Terminal] WRITE LINE: |        ____ _ _   _   _       _          _        _   _                      |
[2025-11-14 13:14:06Z INFO Terminal] WRITE LINE: |       / ___(_) |_| | | |_   _| |__      / \   ___| |_(_) ___  _ __  ___      |
[2025-11-14 13:14:06Z INFO Terminal] WRITE LINE: |      | |  _| | __| |_| | | | | '_ \    / _ \ / __| __| |/ _ \| '_ \/ __|     |
[2025-11-14 13:14:06Z INFO Terminal] WRITE LINE: |      | |_| | | |_|  _  | |_| | |_) |  / ___ \ (__| |_| | (_) | | | \__ \     |
[2025-11-14 13:14:06Z INFO Terminal] WRITE LINE: |       \____|_|\__|_| |_|\__,_|_.__/  /_/   \_\___|\__|_|\___/|_| |_|___/     |
[2025-11-14 13:14:06Z INFO Terminal] WRITE LINE: |                                                                              |
[2025-11-14 13:14:06Z INFO Terminal] WRITE: |                       
[2025-11-14 13:14:06Z INFO Terminal] WRITE: Self-hosted runner registration
[2025-11-14 13:14:06Z INFO Terminal] WRITE LINE:                         |
[2025-11-14 13:14:06Z INFO Terminal] WRITE LINE: |                                                                              |
[2025-11-14 13:14:06Z INFO Terminal] WRITE LINE: --------------------------------------------------------------------------------
[2025-11-14 13:14:06Z INFO ConfigurationManager] ConfigureAsync
[2025-11-14 13:14:06Z INFO CommandSettings] Flag 'generateServiceConfig': 'False'
[2025-11-14 13:14:06Z INFO ConfigurationStore] IsConfigured()
[2025-11-14 13:14:06Z INFO ConfigurationStore] IsConfigured: False
[2025-11-14 13:14:06Z INFO ConfigurationManager] Is configured: False
[2025-11-14 13:14:06Z INFO CommandSettings] Arg 'url': ''
[2025-11-14 13:14:06Z INFO CommandSettings] Flag 'unattended': 'False'
[2025-11-14 13:14:06Z INFO PromptManager] ReadValue
[2025-11-14 13:14:06Z INFO Terminal] WRITE: What is the URL of your repository? 
[2025-11-14 13:14:06Z INFO Terminal] READ LINE
